[    0.000000] Initializing cgroup subsys cpuset
[    0.000000] Initializing cgroup subsys cpu
[    0.000000] Initializing cgroup subsys cpuacct
[    0.000000] Linux version 4.4.0-93-generic (buildd@lgw01-03) (gcc version 5.4.0 20160609 (Ubuntu 5.4.0-6ubuntu1~16.04.4) ) #116-Ubuntu SMP Fri Aug 11 21:17:51 UTC 2017 (Ubuntu 4.4.0-93.116-generic 4.4.79)
[    0.000000] Command line: BOOT_IMAGE=/boot/vmlinuz-4.4.0-93-generic root=LABEL=cloudimg-rootfs ro console=tty1 console=ttyS0
[    0.000000] KERNEL supported cpus:
[    0.000000]   Intel GenuineIntel
[    0.000000]   AMD AuthenticAMD
[    0.000000]   Centaur CentaurHauls
[    0.000000] x86/fpu: xstate_offset[2]:  576, xstate_sizes[2]:  256
[    0.000000] x86/fpu: Supporting XSAVE feature 0x01: 'x87 floating point registers'
[    0.000000] x86/fpu: Supporting XSAVE feature 0x02: 'SSE registers'
[    0.000000] x86/fpu: Supporting XSAVE feature 0x04: 'AVX registers'
[    0.000000] x86/fpu: Enabled xstate features 0x7, context size is 832 bytes, using 'standard' format.
[    0.000000] x86/fpu: Using 'lazy' FPU context switches.
[    0.000000] e820: BIOS-provided physical RAM map:
[    0.000000] BIOS-e820: [mem 0x0000000000000000-0x000000000009fbff] usable
[    0.000000] BIOS-e820: [mem 0x000000000009fc00-0x000000000009ffff] reserved
[    0.000000] BIOS-e820: [mem 0x00000000000f0000-0x00000000000fffff] reserved
[    0.000000] BIOS-e820: [mem 0x0000000000100000-0x000000003ffeffff] usable
[    0.000000] BIOS-e820: [mem 0x000000003fff0000-0x000000003fffffff] ACPI data
[    0.000000] BIOS-e820: [mem 0x00000000fec00000-0x00000000fec00fff] reserved
[    0.000000] BIOS-e820: [mem 0x00000000fee00000-0x00000000fee00fff] reserved
[    0.000000] BIOS-e820: [mem 0x00000000fffc0000-0x00000000ffffffff] reserved
[    0.000000] NX (Execute Disable) protection: active
[    0.000000] SMBIOS 2.5 present.
[    0.000000] Hypervisor detected: KVM
[    0.000000] e820: last_pfn = 0x3fff0 max_arch_pfn = 0x400000000
[    0.000000] MTRR: Disabled
[    0.000000] x86/PAT: MTRRs disabled, skipping PAT initialization too.
[    0.000000] CPU MTRRs all blank - virtualized system.
[    0.000000] x86/PAT: Configuration [0-7]: WB  WT  UC- UC  WB  WT  UC- UC  
[    0.000000] found SMP MP-table at [mem 0x0009fff0-0x0009ffff] mapped at [ffff88000009fff0]
[    0.000000] Scanning 1 areas for low memory corruption
[    0.000000] RAMDISK: [mem 0x36ac4000-0x37559fff]
[    0.000000] ACPI: Early table checksum verification disabled
[    0.000000] ACPI: RSDP 0x00000000000E0000 000024 (v02 VBOX  )
[    0.000000] ACPI: XSDT 0x000000003FFF0030 00003C (v01 VBOX   VBOXXSDT 00000001 ASL  00000061)
[    0.000000] ACPI: FACP 0x000000003FFF00F0 0000F4 (v04 VBOX   VBOXFACP 00000001 ASL  00000061)
[    0.000000] ACPI: DSDT 0x000000003FFF0470 0021C8 (v02 VBOX   VBOXBIOS 00000002 INTL 20100528)
[    0.000000] ACPI: FACS 0x000000003FFF0200 000040
[    0.000000] ACPI: FACS 0x000000003FFF0200 000040
[    0.000000] ACPI: APIC 0x000000003FFF0240 00005C (v02 VBOX   VBOXAPIC 00000001 ASL  00000061)
[    0.000000] ACPI: SSDT 0x000000003FFF02A0 0001CC (v01 VBOX   VBOXCPUT 00000002 INTL 20100528)
[    0.000000] No NUMA configuration found
[    0.000000] Faking a node at [mem 0x0000000000000000-0x000000003ffeffff]
[    0.000000] NODE_DATA(0) allocated [mem 0x3ffeb000-0x3ffeffff]
[    0.000000] kvm-clock: Using msrs 4b564d01 and 4b564d00
[    0.000000] kvm-clock: cpu 0, msr 0:3ffe3001, primary cpu clock
[    0.000000] kvm-clock: using sched offset of 4257063331 cycles
[    0.000000] clocksource: kvm-clock: mask: 0xffffffffffffffff max_cycles: 0x1cd42e4dffb, max_idle_ns: 881590591483 ns
[    0.000000] Zone ranges:
[    0.000000]   DMA      [mem 0x0000000000001000-0x0000000000ffffff]
[    0.000000]   DMA32    [mem 0x0000000001000000-0x000000003ffeffff]
[    0.000000]   Normal   empty
[    0.000000]   Device   empty
[    0.000000] Movable zone start for each node
[    0.000000] Early memory node ranges
[    0.000000]   node   0: [mem 0x0000000000001000-0x000000000009efff]
[    0.000000]   node   0: [mem 0x0000000000100000-0x000000003ffeffff]
[    0.000000] Initmem setup node 0 [mem 0x0000000000001000-0x000000003ffeffff]
[    0.000000] ACPI: PM-Timer IO Port: 0x4008
[    0.000000] IOAPIC[0]: apic_id 2, version 32, address 0xfec00000, GSI 0-23
[    0.000000] ACPI: INT_SRC_OVR (bus 0 bus_irq 0 global_irq 2 dfl dfl)
[    0.000000] ACPI: INT_SRC_OVR (bus 0 bus_irq 9 global_irq 9 high level)
[    0.000000] Using ACPI (MADT) for SMP configuration information
[    0.000000] smpboot: Allowing 2 CPUs, 0 hotplug CPUs
[    0.000000] PM: Registered nosave memory: [mem 0x00000000-0x00000fff]
[    0.000000] PM: Registered nosave memory: [mem 0x0009f000-0x0009ffff]
[    0.000000] PM: Registered nosave memory: [mem 0x000a0000-0x000effff]
[    0.000000] PM: Registered nosave memory: [mem 0x000f0000-0x000fffff]
[    0.000000] e820: [mem 0x40000000-0xfebfffff] available for PCI devices
[    0.000000] Booting paravirtualized kernel on KVM
[    0.000000] clocksource: refined-jiffies: mask: 0xffffffff max_cycles: 0xffffffff, max_idle_ns: 7645519600211568 ns
[    0.000000] setup_percpu: NR_CPUS:512 nr_cpumask_bits:512 nr_cpu_ids:2 nr_node_ids:1
[    0.000000] PERCPU: Embedded 34 pages/cpu @ffff88003fc00000 s98328 r8192 d32744 u1048576
[    0.000000] PV qspinlock hash table entries: 256 (order: 0, 4096 bytes)
[    0.000000] Built 1 zonelists in Node order, mobility grouping on.  Total pages: 257913
[    0.000000] Policy zone: DMA32
[    0.000000] Kernel command line: BOOT_IMAGE=/boot/vmlinuz-4.4.0-93-generic root=LABEL=cloudimg-rootfs ro console=tty1 console=ttyS0
[    0.000000] PID hash table entries: 4096 (order: 3, 32768 bytes)
[    0.000000] Memory: 1001724K/1048120K available (8479K kernel code, 1294K rwdata, 3984K rodata, 1492K init, 1316K bss, 46396K reserved, 0K cma-reserved)
[    0.000000] SLUB: HWalign=64, Order=0-3, MinObjects=0, CPUs=2, Nodes=1
[    0.000000] Hierarchical RCU implementation.
[    0.000000] 	Build-time adjustment of leaf fanout to 64.
[    0.000000] 	RCU restricting CPUs from NR_CPUS=512 to nr_cpu_ids=2.
[    0.000000] RCU: Adjusting geometry for rcu_fanout_leaf=64, nr_cpu_ids=2
[    0.000000] NR_IRQS:33024 nr_irqs:440 16
[    0.000000] Console: colour VGA+ 80x25
[    0.000000] console [tty1] enabled
[    0.000000] console [ttyS0] enabled
[    0.000000] tsc: Detected 2903.998 MHz processor
[    2.639588] Calibrating delay loop (skipped) preset value.. 5807.99 BogoMIPS (lpj=11615992)
[    2.662281] pid_max: default: 32768 minimum: 301
[    2.666268] ACPI: Core revision 20150930
[    2.672322] ACPI: 2 ACPI AML tables successfully acquired and loaded
[    2.677199] Security Framework initialized
[    2.681123] Yama: becoming mindful.
[    2.683565] AppArmor: AppArmor initialized
[    2.686074] Dentry cache hash table entries: 131072 (order: 8, 1048576 bytes)
[    2.712472] Inode-cache hash table entries: 65536 (order: 7, 524288 bytes)
[    2.718016] Mount-cache hash table entries: 2048 (order: 2, 16384 bytes)
[    2.731016] Mountpoint-cache hash table entries: 2048 (order: 2, 16384 bytes)
[    2.736723] Initializing cgroup subsys io
[    2.747079] Initializing cgroup subsys memory
[    2.751356] Initializing cgroup subsys devices
[    2.766116] Initializing cgroup subsys freezer
[    2.773142] Initializing cgroup subsys net_cls
[    2.777123] Initializing cgroup subsys perf_event
[    2.778751] Initializing cgroup subsys net_prio
[    2.794370] Initializing cgroup subsys hugetlb
[    2.802740] Initializing cgroup subsys pids
[    2.806813] CPU: Physical Processor ID: 0
[    2.817304] CPU: Processor Core ID: 0
[    2.822360] mce: CPU supports 0 MCE banks
[    2.825588] Last level iTLB entries: 4KB 64, 2MB 8, 4MB 8
[    2.841885] Last level dTLB entries: 4KB 64, 2MB 0, 4MB 0, 1GB 4
[    2.871695] Freeing SMP alternatives memory: 32K (ffffffff820ba000 - ffffffff820c2000)
[    2.930518] ftrace: allocating 32136 entries in 126 pages
[    3.074575] smpboot: APIC(0) Converting physical 0 to logical package 0
[    3.077743] smpboot: Max logical packages: 1
[    3.084461] x2apic enabled
[    3.094603] Switched APIC routing to physical x2apic.
[    3.153331] ..TIMER: vector=0x30 apic1=0 pin1=2 apic2=-1 pin2=-1
[    3.310003] APIC calibration not consistent with PM-Timer: 98ms instead of 100ms
[    3.332335] APIC delta adjusted to PM-Timer: 6249999 (6185414)
[    3.353443] smpboot: CPU0: Intel(R) Core(TM) i5-6267U CPU @ 2.90GHz (family: 0x6, model: 0x4e, stepping: 0x3)
[    3.380524] Performance Events: unsupported p6 CPU model 78 no PMU driver, software events only.
[    3.397082] KVM setup paravirtual spinlock
[    3.407844] x86: Booting SMP configuration:
[    3.410408] .... node  #0, CPUs:      #1
[    3.426674] kvm-clock: cpu 1, msr 0:3ffe3041, secondary cpu clock
[    3.440802] mce: CPU supports 0 MCE banks
[    3.508094] x86: Booted up 1 node, 2 CPUs
[    3.512542] smpboot: Total of 2 processors activated (11615.99 BogoMIPS)
[    3.523026] devtmpfs: initialized
[    3.527096] evm: security.selinux
[    3.533555] evm: security.SMACK64
[    3.539154] evm: security.SMACK64EXEC
[    3.548930] evm: security.SMACK64TRANSMUTE
[    3.555716] evm: security.SMACK64MMAP
[    3.558118] evm: security.ima
[    3.568064] evm: security.capability
[    3.570503] clocksource: jiffies: mask: 0xffffffff max_cycles: 0xffffffff, max_idle_ns: 7645041785100000 ns
[    3.601753] futex hash table entries: 512 (order: 3, 32768 bytes)
[    3.616205] pinctrl core: initialized pinctrl subsystem
[    3.625606] RTC time: 21:30:46, date: 10/23/17
[    3.636101] NET: Registered protocol family 16
[    3.649621] cpuidle: using governor ladder
[    3.669686] cpuidle: using governor menu
[    3.678985] PCCT header not found.
[    3.681258] ACPI: bus type PCI registered
[    3.690364] acpiphp: ACPI Hot Plug PCI Controller Driver version: 0.5
[    3.693988] PCI: Using configuration type 1 for base access
[    3.726992] ACPI: Added _OSI(Module Device)
[    3.742281] ACPI: Added _OSI(Processor Device)
[    3.746875] ACPI: Added _OSI(3.0 _SCP Extensions)
[    3.751366] ACPI: Added _OSI(Processor Aggregator Device)
[    3.767111] ACPI: Executed 1 blocks of module-level executable AML code
[    3.796934] ACPI: Interpreter enabled
[    3.801866] ACPI: (supports S0 S5)
[    3.806432] ACPI: Using IOAPIC for interrupt routing
[    3.816119] PCI: Using host bridge windows from ACPI; if necessary, use "pci=nocrs" and report a bug
[    3.844342] ACPI: PCI Root Bridge [PCI0] (domain 0000 [bus 00-ff])
[    3.856919] acpi PNP0A03:00: _OSC: OS supports [ASPM ClockPM Segments MSI]
[    3.870492] acpi PNP0A03:00: _OSC failed (AE_NOT_FOUND); disabling ASPM
[    3.881078] acpi PNP0A03:00: fail to add MMCONFIG information, can't access extended PCI configuration space under this bridge.
[    3.896768] PCI host bridge to bus 0000:00
[    3.903566] pci_bus 0000:00: root bus resource [io  0x0000-0x0cf7 window]
[    3.906830] pci_bus 0000:00: root bus resource [io  0x0d00-0xffff window]
[    3.916837] pci_bus 0000:00: root bus resource [mem 0x000a0000-0x000bffff window]
[    3.924426] pci_bus 0000:00: root bus resource [mem 0x40000000-0xffdfffff window]
[    3.928025] pci_bus 0000:00: root bus resource [bus 00-ff]
[    3.933083] pci 0000:00:01.1: legacy IDE quirk: reg 0x10: [io  0x01f0-0x01f7]
[    3.937407] pci 0000:00:01.1: legacy IDE quirk: reg 0x14: [io  0x03f6]
[    3.941857] pci 0000:00:01.1: legacy IDE quirk: reg 0x18: [io  0x0170-0x0177]
[    3.945994] pci 0000:00:01.1: legacy IDE quirk: reg 0x1c: [io  0x0376]
[    3.971064] pci 0000:00:07.0: quirk: [io  0x4000-0x403f] claimed by PIIX4 ACPI
[    4.001630] pci 0000:00:07.0: quirk: [io  0x4100-0x410f] claimed by PIIX4 SMB
[    4.035029] ACPI: PCI Interrupt Link [LNKA] (IRQs 5 9 10 *11)
[    4.111125] ACPI: PCI Interrupt Link [LNKB] (IRQs 5 9 10 *11)
[    4.233354] ACPI: PCI Interrupt Link [LNKC] (IRQs 5 9 *10 11)
[    4.286794] ACPI: PCI Interrupt Link [LNKD] (IRQs 5 *9 10 11)
[    4.292934] ACPI: Enabled 2 GPEs in block 00 to 07
[    4.305563] vgaarb: setting as boot device: PCI:0000:00:02.0
[    4.312070] vgaarb: device added: PCI:0000:00:02.0,decodes=io+mem,owns=io+mem,locks=none
[    4.322017] vgaarb: loaded
[    4.325929] vgaarb: bridge control possible 0000:00:02.0
[    4.329506] SCSI subsystem initialized
[    4.333106] ACPI: bus type USB registered
[    4.335383] usbcore: registered new interface driver usbfs
[    4.340320] usbcore: registered new interface driver hub
[    4.348789] usbcore: registered new device driver usb
[    4.357644] PCI: Using ACPI for IRQ routing
[    4.366202] NetLabel: Initializing
[    4.374269] NetLabel:  domain hash size = 128
[    4.378648] NetLabel:  protocols = UNLABELED CIPSOv4
[    4.383178] NetLabel:  unlabeled traffic allowed by default
[    4.418660] amd_nb: Cannot enumerate AMD northbridges
[    4.426525] clocksource: Switched to clocksource kvm-clock
[    4.443780] AppArmor: AppArmor Filesystem Enabled
[    4.476454] pnp: PnP ACPI init
[    4.484074] pnp: PnP ACPI: found 3 devices
[    4.498987] clocksource: acpi_pm: mask: 0xffffff max_cycles: 0xffffff, max_idle_ns: 2085701024 ns
[    4.507415] NET: Registered protocol family 2
[    4.510162] TCP established hash table entries: 8192 (order: 4, 65536 bytes)
[    4.530995] TCP bind hash table entries: 8192 (order: 5, 131072 bytes)
[    4.542146] TCP: Hash tables configured (established 8192 bind 8192)
[    4.552676] UDP hash table entries: 512 (order: 2, 16384 bytes)
[    4.558598] UDP-Lite hash table entries: 512 (order: 2, 16384 bytes)
[    4.634331] NET: Registered protocol family 1
[    4.659741] pci 0000:00:00.0: Limiting direct PCI/PCI transfers
[    4.673041] pci 0000:00:01.0: Activating ISA DMA hang workarounds
[    4.678885] Unpacking initramfs...
[    7.221554] Freeing initrd memory: 10840K (ffff880036ac4000 - ffff88003755a000)
[    7.262261] platform rtc_cmos: registered platform RTC device (no PNP device found)
[    7.470739] Scanning for low memory corruption every 60 seconds
[    7.649741] audit: initializing netlink subsys (disabled)
[    7.706926] audit: type=2000 audit(1508794253.289:1): initialized
[    7.728222] Initialise system trusted keyring
[    7.749384] HugeTLB registered 2 MB page size, pre-allocated 0 pages
[    7.789403] zbud: loaded
[    7.794489] VFS: Disk quotas dquot_6.6.0
[    7.802886] VFS: Dquot-cache hash table entries: 512 (order 0, 4096 bytes)
[    7.823442] squashfs: version 4.0 (2009/01/31) Phillip Lougher
[    7.840940] fuse init (API version 7.23)
[    7.848027] Key type big_key registered
[    7.855942] Allocating IMA MOK and blacklist keyrings.
[    7.914294] Key type asymmetric registered
[    7.951695] Asymmetric key parser 'x509' registered
[    7.990508] Block layer SCSI generic (bsg) driver version 0.4 loaded (major 249)
[    8.032948] io scheduler noop registered
[    8.036702] io scheduler deadline registered (default)
[    8.068027] io scheduler cfq registered
[    8.086003] pci_hotplug: PCI Hot Plug PCI Core version: 0.5
[    8.136815] pciehp: PCI Express Hot Plug Controller Driver version: 0.4
[    8.159753] ACPI: AC Adapter [AC] (on-line)
[    8.186392] input: Power Button as /devices/LNXSYSTM:00/LNXPWRBN:00/input/input0
[    8.245111] ACPI: Power Button [PWRF]
[    8.259681] tsc: Refined TSC clocksource calibration: 2903.358 MHz
[    8.259684] clocksource: tsc: mask: 0xffffffffffffffff max_cycles: 0x29d9a70023c, max_idle_ns: 440795226835 ns
[    8.365569] input: Sleep Button as /devices/LNXSYSTM:00/LNXSLPBN:00/input/input1
[    8.425601] ACPI: Sleep Button [SLPF]
[    8.521608] ACPI: Battery Slot [BAT0] (battery present)
[    8.612218] GHES: HEST is not enabled!
[    8.673482] Serial: 8250/16550 driver, 32 ports, IRQ sharing enabled
ÿ[    8.814299] 00:02: ttyS0 at I/O 0x3f8 (irq = 4, base_baud = 115200) is a 16550A
[    8.936839] Linux agpgart interface v0.103
[    8.953480] loop: module loaded
[    8.963797] scsi host0: ata_piix
[    8.979216] scsi host1: ata_piix
[    9.003797] ata1: PATA max UDMA/33 cmd 0x1f0 ctl 0x3f6 bmdma 0xd000 irq 14
[    9.075312] ata2: PATA max UDMA/33 cmd 0x170 ctl 0x376 bmdma 0xd008 irq 15
[    9.197027] libphy: Fixed MDIO Bus: probed
[    9.238303] tun: Universal TUN/TAP device driver, 1.6
[    9.278506] tun: (C) 1999-2004 Max Krasnyansky <maxk@qualcomm.com>
[    9.303608] PPP generic driver version 2.4.2
[    9.306251] ehci_hcd: USB 2.0 'Enhanced' Host Controller (EHCI) Driver
[    9.363828] ehci-pci: EHCI PCI platform driver
[    9.366425] ehci-platform: EHCI generic platform driver
[    9.393823] ohci_hcd: USB 1.1 'Open' Host Controller (OHCI) Driver
[    9.445488] ohci-pci: OHCI PCI platform driver
[    9.490436] ohci-platform: OHCI generic platform driver
[    9.529195] uhci_hcd: USB Universal Host Controller Interface driver
[    9.574765] i8042: PNP: PS/2 Controller [PNP0303:PS2K,PNP0f03:PS2M] at 0x60,0x64 irq 1,12
[    9.587641] serio: i8042 KBD port at 0x60,0x64 irq 1
[    9.606736] serio: i8042 AUX port at 0x60,0x64 irq 12
[    9.622998] mousedev: PS/2 mouse device common for all mice
[    9.675398] input: AT Translated Set 2 keyboard as /devices/platform/i8042/serio0/input/input2
[    9.699258] rtc_cmos rtc_cmos: rtc core: registered rtc_cmos as rtc0
[    9.723461] rtc_cmos rtc_cmos: alarms up to one day, 114 bytes nvram
[    9.876402] i2c /dev entries driver
[    9.952308] device-mapper: uevent: version 1.0.3
[   10.047056] device-mapper: ioctl: 4.34.0-ioctl (2015-10-28) initialised: dm-devel@redhat.com
[   10.051644] ledtrig-cpu: registered to indicate activity on CPUs
[   10.078532] NET: Registered protocol family 10
[   10.101848] NET: Registered protocol family 17
[   10.126735] Key type dns_resolver registered
[   10.146588] microcode: CPU0 sig=0x406e3, pf=0x2, revision=0x0
[   10.298741] microcode: CPU1 sig=0x406e3, pf=0x2, revision=0x0
[   10.318691] microcode: Microcode Update Driver: v2.01 <tigran@aivazian.fsnet.co.uk>, Peter Oruba
[   10.375450] registered taskstats version 1
[   10.397817] Loading compiled-in X.509 certificates
[   10.495453] Loaded X.509 cert 'Build time autogenerated kernel key: a6f98c496ad22cf23b77f8fe21ff88c41791cbd4'
[   10.709517] zswap: loaded using pool lzo/zbud
[   10.815113] Key type trusted registered
[   10.943384] Key type encrypted registered
[   11.035670] AppArmor: AppArmor sha1 policy hashing enabled
[   11.195124] ima: No TPM chip found, activating TPM-bypass!
[   11.340796] evm: HMAC attrs: 0x1
[   11.432871]   Magic number: 5:460:551
[   11.464430] tty ttyS27: hash matches
[   11.484968] acpi PNP0C0F:02: hash matches
[   11.523204] rtc_cmos rtc_cmos: setting system clock to 2017-10-23 21:30:54 UTC (1508794254)
[   11.595741] BIOS EDD facility v0.16 2004-Jun-25, 0 devices found
[   11.621097] EDD information not available.
[   11.634522] Freeing unused kernel memory: 1492K (ffffffff81f45000 - ffffffff820ba000)
[   11.668701] Write protecting the kernel read-only data: 14336k
[   11.680506] Freeing unused kernel memory: 1748K (ffff88000184b000 - ffff880001a00000)
[   11.711344] Freeing unused kernel memory: 112K (ffff880001de4000 - ffff880001e00000)
Loading, please wait...
starting version[   11.775036] random: udevadm: uninitialized urandom read (16 bytes read, 7 bits of entropy available)
 229
[   11.778100] random: systemd-udevd: uninitialized urandom read (16 bytes read, 7 bits of entropy available)
[   11.778529] random: systemd-udevd: uninitialized urandom read (16 bytes read, 7 bits of entropy available)
[   11.778666] random: systemd-udevd: uninitialized urandom read (16 bytes read, 7 bits of entropy available)
[   11.778684] random: systemd-udevd: uninitialized urandom read (16 bytes read, 7 bits of entropy available)
[   12.040440] random: udevadm: uninitialized urandom read (16 bytes read, 7 bits of entropy available)
[   12.080074] random: udevadm: uninitialized urandom read (16 bytes read, 7 bits of entropy available)
[   12.152224] random: udevadm: uninitialized urandom read (16 bytes read, 7 bits of entropy available)
[   12.220664] random: udevadm: uninitialized urandom read (16 bytes read, 7 bits of entropy available)
[   12.280877] random: udevadm: uninitialized urandom read (16 bytes read, 7 bits of entropy available)
[   12.497581] Fusion MPT base driver 3.04.20
[   12.546604] Copyright (c) 1999-2008 LSI Corporation
[   12.722937] e1000: Intel(R) PRO/1000 Network Driver - version 7.3.21-k8-NAPI
[   12.781532] e1000: Copyright (c) 1999-2006 Intel Corporation.
[   12.870301] AVX version of gcm_enc/dec engaged.
[   12.909471] AES CTR mode by8 optimization enabled
[   12.919649] Fusion MPT SPI Host driver 3.04.20
[   13.016478] input: ImExPS/2 Generic Explorer Mouse as /devices/platform/i8042/serio1/input/input4
[   13.391117] e1000 0000:00:03.0 eth0: (PCI:33MHz:32-bit) 02:04:e4:df:e4:d8
[   13.431118] e1000 0000:00:03.0 eth0: Intel(R) PRO/1000 Network Connection
[   13.494646] e1000 0000:00:03.0 enp0s3: renamed from eth0
[   13.494820] mptbase: ioc0: Initiating bringup
[   13.615343] ioc0: LSI53C1030 A0: Capabilities={Initiator}
[   13.896987] scsi host2: ioc0: LSI53C1030 A0, FwRev=00000000h, Ports=1, MaxQ=256, IRQ=20
[   14.111678] scsi 2:0:0:0: Direct-Access     VBOX     HARDDISK         1.0  PQ: 0 ANSI: 5
[   14.198518] scsi target2:0:0: Beginning Domain Validation
[   14.276793] scsi target2:0:0: Domain Validation skipping write tests
[   14.328701] scsi target2:0:0: Ending Domain Validation
[   14.351836] scsi target2:0:0: asynchronous
[   14.375301] scsi 2:0:1:0: Direct-Access     VBOX     HARDDISK         1.0  PQ: 0 ANSI: 5
[   14.525047] scsi target2:0:1: Beginning Domain Validation
[   14.585470] scsi target2:0:1: Domain Validation skipping write tests
[   14.699118] scsi target2:0:1: Ending Domain Validation
[   14.717154] scsi target2:0:1: asynchronous
[   14.795926] sd 2:0:0:0: [sda] 20971520 512-byte logical blocks: (10.7 GB/10.0 GiB)
[   14.854022] sd 2:0:0:0: Attached scsi generic sg0 type 0
[   14.936180] sd 2:0:0:0: [sda] Write Protect is off
[   15.007670] sd 2:0:0:0: [sda] Incomplete mode parameter data
[   15.007697] sd 2:0:1:0: [sdb] 20480 512-byte logical blocks: (10.5 MB/10.0 MiB)
[   15.007717] sd 2:0:1:0: Attached scsi generic sg1 type 0
[   15.348887] sd 2:0:0:0: [sda] Assuming drive cache: write through
[   15.511045] sd 2:0:1:0: [sdb] Write Protect is off
[   15.640893] sd 2:0:1:0: [sdb] Incomplete mode parameter data
[   15.642777]  sda: sda1
[   15.772268] sd 2:0:0:0: [sda] Attached SCSI disk
[   15.975669] sd 2:0:1:0: [sdb] Assuming drive cache: write through
[   16.099122] floppy0: no floppy controllers found
[   16.109732] sd 2:0:1:0: [sdb] Attached SCSI disk
Begin: Loading essential drivers[   17.562225] md: linear personality registered for level -1
 ... [   17.661343] md: multipath personality registered for level -4
[   17.727058] md: raid0 personality registered for level 0
[   17.820994] md: raid1 personality registered for level 1
[   17.942675] raid6: sse2x1   gen()  8324 MB/s
[   18.106628] raid6: sse2x1   xor()  5424 MB/s
[   18.266657] raid6: sse2x2   gen() 10699 MB/s
[   18.478965] raid6: sse2x2   xor()  5361 MB/s
[   18.646675] raid6: sse2x4   gen() 12109 MB/s
[   18.754625] raid6: sse2x4   xor()  6354 MB/s
[   18.806923] raid6: using algorithm sse2x4 gen() 12109 MB/s
[   18.871571] raid6: .... xor() 6354 MB/s, rmw enabled
[   18.953694] raid6: using ssse3x2 recovery algorithm
[   19.063409] xor: automatically using best checksumming function:
[   19.246896]    avx       : 20353.000 MB/sec
[   19.347963] async_tx: api initialized (async)
[   19.477414] md: raid6 personality registered for level 6
[   19.591146] md: raid5 personality registered for level 5
[   19.604870] md: raid4 personality registered for level 4
[   19.701956] md: raid10 personality registered for level 10
done.
Begin: Running /scripts/i[   19.849002] Btrfs loaded
nit-premount ... done.
Begin: Mounting root file system ... Begin: Running /scr[   19.975026] EXT4-fs (sda1): mounted filesystem with ordered data mode. Opts: (null)
ipts/local-top ... done.
Begin: Running /scripts/local-premount ... Scanning for Btrfs filesystems
done.
Warning: fsck not present, so skipping root file system
done.
Begin: Running /scripts/local-bottom ... done.
Begin: Running /scripts/init-bottom ... done.
[   20.460157] systemd[1]: systemd 229 running in system mode. (+PAM +AUDIT +SELINUX +IMA +APPARMOR +SMACK +SYSVINIT +UTMP +LIBCRYPTSETUP +GCRYPT +GNUTLS +ACL +XZ -LZ4 +SECCOMP +BLKID +ELFUTILS +KMOD -IDN)
[   20.632996] systemd[1]: Detected virtualization oracle.
[   20.664983] systemd[1]: Detected architecture x86-64.

Welcome to [1mUbuntu 16.04.3 LTS[0m!

[   20.719758] systemd[1]: Set hostname to <ubuntu>.
[   20.755500] systemd[1]: Initializing machine ID from random generator.
[   20.780256] systemd[1]: Installed transient /etc/machine-id file.
[   20.891359] random: nonblocking pool is initialized
[   21.106376] systemd[1]: Listening on Journal Socket (/dev/log).
[[0;32m  OK  [0m] Listening on Journal Socket (/dev/log).
[   21.171839] systemd[1]: Listening on /dev/initctl Compatibility Named Pipe.
[[0;32m  OK  [0m] Listening on /dev/initctl Compatibility Named Pipe.
[   21.263550] systemd[1]: Listening on Journal Audit Socket.
[[0;32m  OK  [0m] Listening on Journal Audit Socket.
[   21.367246] systemd[1]: Listening on Journal Socket.
[[0;32m  OK  [0m] Listening on Journal Socket.
[   21.487353] systemd[1]: Reached target Swap.
[[0;32m  OK  [0m] Reached target Swap.
[   21.631695] systemd[1]: Started Forward Password Requests to Wall Directory Watch.
[[0;32m  OK  [0m] Started Forward Password Requests to Wall Directory Watch.
[   21.723716] systemd[1]: Created slice User and Session Slice.
[[0;32m  OK  [0m] Created slice User and Session Slice.
[   21.839021] systemd[1]: Listening on LVM2 poll daemon socket.
[[0;32m  OK  [0m] Listening on LVM2 poll daemon socket.
[   21.935481] systemd[1]: Listening on Device-mapper event daemon FIFOs.
[[0;32m  OK  [0m] Listening on Device-mapper event daemon FIFOs.
[   22.035079] systemd[1]: Reached target Encrypted Volumes.
[[0;32m  OK  [0m] Reached target Encrypted Volumes.
[   22.103043] systemd[1]: Started Trigger resolvconf update for networkd DNS.
[[0;32m  OK  [0m] Started Trigger resolvconf update for networkd DNS.
[   22.183225] systemd[1]: Reached target User and Group Name Lookups.
[[0;32m  OK  [0m] Reached target User and Group Name Lookups.
[   22.331744] systemd[1]: Set up automount Arbitrary Executable File Formats File System Automount Point.
[[0;32m  OK  [0m] Set up automount Arbitrary Executab...ats File System Automount Point.
[   22.519394] systemd[1]: Created slice System Slice.
[[0;32m  OK  [0m] Created slice System Slice.
[   22.628974] systemd[1]: Reached target Slices.
[[0;32m  OK  [0m] Reached target Slices.
[   22.822794] systemd[1]: Mounting Huge Pages File System...
         Mounting Huge Pages File System...
[   22.951292] systemd[1]: Starting Load Kernel Modules...
[   22.983805] Loading iSCSI transport class v2.0-870.
         Startin[   23.116898] iscsi: registered transport (tcp)
g Load Kernel Modules...
[   23.226057] iscsi: registered transport (iser)
[   23.387953] systemd[1]: Starting Create list of required static device nodes for the current kernel...
         Starting Create list of required st... nodes for the current kernel...
[   23.674994] systemd[1]: Mounting POSIX Message Queue File System...
         Mounting POSIX Message Queue File System...
[   23.895378] systemd[1]: Starting Uncomplicated firewall...
         Starting Uncomplicated firewall...
[   24.048270] systemd[1]: Starting Remount Root and Kernel File Systems...
[   24.051128] EXT4-fs (sda1): re-mounted. Opts: (null)
         Starting Remount Root and Kernel File Systems...
[   24.394954] systemd[1]: Starting Set console keymap...
         Starting Set console keymap...
[   24.511242] systemd[1]: Starting Nameserver information manager...
         Starting Nameserver information manager...
[   24.675657] systemd[1]: Created slice system-serial\x2dgetty.slice.
[[0;32m  OK  [0m] Created slice system-serial\x2dgetty.slice.
[   24.826511] systemd[1]: Listening on udev Control Socket.
[[0;32m  OK  [0m] Listening on udev Control Socket.
[   25.007820] systemd[1]: Listening on Syslog Socket.
[[0;32m  OK  [0m] Listening on Syslog Socket.
[   25.110818] systemd[1]: Starting Journal Service...
         Starting Journal Service...
[   25.180935] systemd[1]: Listening on udev Kernel Socket.
[[0;32m  OK  [0m] Listening on udev Kernel Socket.
[   25.343210] systemd[1]: Mounting Debug File System...
         Mounting Debug File System...
[   25.491605] systemd[1]: Listening on LVM2 metadata daemon socket.
[[0;32m  OK  [0m] Listening on LVM2 metadata daemon socket.
[   25.639525] systemd[1]: Starting Monitoring of LVM2 mirrors, snapshots etc. using dmeventd or progress polling...
         Starting Monitoring of LVM2 mirrors... dmeventd or progress polling...
[   25.928443] systemd[1]: Mounted Huge Pages File System.
[[0;32m  OK  [0m] Mounted Huge Pages File System.
[   26.107659] systemd[1]: Mounted POSIX Message Queue File System.
[[0;32m  OK  [0m] Mounted POSIX Message Queue File System.
[   26.242961] systemd[1]: Mounted Debug File System.
[[0;32m  OK  [0m] Mounted Debug File System.
[   26.303569] systemd[1]: Started Journal Service.
[[0;32m  OK  [0m] Started Journal Service.
[[0;32m  OK  [0m] Started Load Kernel Modules.
[[0;32m  OK  [0m] Started Create list of required sta...ce nodes for the current kernel.
[[0;32m  OK  [0m] Started Uncomplicated firewall.
[[0;32m  OK  [0m] Started Remount Root and Kernel File Systems.
[[0;32m  OK  [0m] Started Set console keymap.
[[0;32m  OK  [0m] Started Nameserver information manager.
[[0;32m  OK  [0m] Started LVM2 metadata daemon.
         Starting Initial cloud-init job (pre-networking)...
         Starting Load/Save Random Seed...
         Starting udev Coldplug all Devices...
         Starting Create Static Device Nodes in /dev...
         Starting Apply Kernel Variables...
         Mounting FUSE Control File System...
         Starting Flush Journal to Persistent Storage...
[[0;32m  OK  [0m] Mounted FUSE Control File System.
[[0;32m  OK  [0m] Started Monitoring of LVM2 mirrors,...ng dmeventd or progress polling.
[[0;32m  OK  [0m] Started Load/Save Random Seed.
[[0;32m  OK  [0m] Started Create Static Device Nodes in /dev.
[[0;32m  OK  [0m] Started Apply Kernel Variables.
[[0;32m  OK  [0m] Started udev Coldplug all Devices.
[[0;32m  OK  [0m] Started Flush Journal to Persistent Storage.
         Starting udev Kernel Device Manager...
[[0;32m  OK  [0m] Started udev Kernel Device Manager.
[[0;32m  OK  [0m] Reached target Local File Systems (Pre).
[[0;32m  OK  [0m] Reached target Local File Systems.
[   24.078733] cloud-init[447]: Cloud-init v. 0.7.9 running 'init-local' at Mon, 23 Oct 2017 21:31:10 +0000. Up 23.84 seconds.
         Starting Create Volatile Files and Directories...
         Starting Tell Plymouth To Write Out Runtime Data...
         Starting Commit a transient machine-id on disk...
         Starting LSB: AppArmor initialization...
         Starting Set console font and keymap...
[[0;32m  OK  [0m] Started Dispatch Password Requests to Console Directory Watch.
[[0;32m  OK  [0m] Started Create Volatile Files and Directories.
[[0;32m  OK  [0m] Started Tell Plymouth To Write Out Runtime Data.
[[0;32m  OK  [0m] Started Commit a transient machine-id on disk.
[[0;32m  OK  [0m] Started Set console font and keymap.
[[0;32m  OK  [0m] Started Initial cloud-init job (pre-networking).
[[0;32m  OK  [0m] Found device /dev/ttyS0.
[[0;32m  OK  [0m] Listening on Load/Save RF Kill Switch Status /dev/rfkill Watch.
[[0;32m  OK  [0m] Reached target Network (Pre).
[[0;32m  OK  [0m] Created slice system-getty.slice.
         Starting Update UTMP about System Boot/Shutdown...
[[0;32m  OK  [0m] Reached target System Time Synchronized.
[[0;32m  OK  [0m] Started Update UTMP about System Boot/Shutdown.
[[0;32m  OK  [0m] Started LSB: AppArmor initialization.
         Starting Raise network interfaces...
[[0;32m  OK  [0m] Started ifup for enp0s3.
[[0;32m  OK  [0m] Started Raise network interfaces.
         Starting Initial cloud-init job (metadata service crawler)...
[[0;32m  OK  [0m] Reached target Network.
[   28.095004] cloud-init[953]: Cloud-init v. 0.7.9 running 'init' at Mon, 23 Oct 2017 21:31:14 +0000. Up 27.55 seconds.
[   28.200905] [cloud-init[0;32m  OK  [0m[953]: ] ci-info: +++++++++++++++++++++++++++++++++++++Net device info+++++++++++++++++++++++++++++++++++++Started Initial cloud-init job (metadata service crawler).

[   28.412378] [cloud-init[0;32m  OK  [0m[953]: ] ci-info: +--------+------+---------------------------+---------------+-------+-------------------+Reached target System Initialization.

[   28.592489] [cloud-init[0;32m  OK  [0m[953]: ] ci-info: | Device |  Up  |          Address          |      Mask     | Scope |     Hw-Address    |Listening on D-Bus System Message Bus Socket.

[   28.788996] [cloud-init[0;32m  OK  [0m[953]: ] ci-info: +--------+------+---------------------------+---------------+-------+-------------------+Started ACPI Events Check.

[[0;32m  OK  [0m] Reached target Paths.
[   28.790369] cloud-init[953]: ci-info: | enp0s3 | True |         10.0.2.15         | 255.255.255.0 |   .   | 02:04:e4:df:e4:d8 |
[   29.144467]          cloud-initStarting LXD - unix socket.[953]: 
ci-info: | enp0s3 | True | fe80::4:e4ff:fedf:e4d8/64 |       .       |  link | 02:04:e4:df:e4:d8 |
[   29.272855] [cloud-init[0;32m  OK  [0m[953]: ] ci-info: |   lo   | True |         127.0.0.1         |   255.0.0.0   |   .   |         .         |Listening on ACPID Listen Socket.

[   29.274058] cloud-init[953]: ci-info: |   lo   | True |          ::1/128          |       .       |  host |         .         |
         Starting Socket activation for snappy daemon.
[[0;32m  OK  [0m] Listening on UUID daemon activation socket.
[[0;32m  OK  [0m] Started Timer to automatically refresh installed snaps.
[   29.415775] cloud-init[953]: ci-info: +--------+------+---------------------------+---------------+-------+-------------------+
[   29.804758] [cloud-init[0;32m  OK  [0m[953]: ] ci-info: +++++++++++++++++++++++++++Route IPv4 info++++++++++++++++++++++++++++Started Daily Cleanup of Temporary Directories.

[[0;32m  OK  [0m] Reached target Cloud-config availability.
[[0;32m  OK  [0m] Reached target Network is Online.
[   29.805705] cloud-init[953]: ci-info: +-------+-------------+----------+---------------+-----------+-------+
[   30.144557]          cloud-initStarting iSCSI initiator daemon (iscsid)...[953]: 
ci-info: | Route | Destination | Gateway  |    Genmask    | Interface | Flags |
[   30.265300] [cloud-init[0;32m  OK  [0m[953]: ] ci-info: +-------+-------------+----------+---------------+-----------+-------+Started Daily apt download activities.

[[0;32m  OK  [0m] Started Daily apt upgrade and clean activities.
[[0;32m  OK  [0m] Reached target Timers.
[   30.265977] cloud-init[953]: ci-info: |   0   |   0.0.0.0   | 10.0.2.2 |    0.0.0.0    |   enp0s3  |   UG  |
[   30.540578] [cloud-init[0;32m  OK  [0m[953]: ] ci-info: |   1   |   10.0.2.0  | 0.0.0.0  | 255.255.255.0 |   enp0s3  |   U   |Listening on LXD - unix socket.

[   30.652499] [cloud-init[0;32m  OK  [0m[953]: ] ci-info: +-------+-------------+----------+---------------+-----------+-------+Listening on Socket activation for snappy daemon.

[   30.653637] cloud-init[953]: Generating public/private rsa key pair.
[   30.849005] [cloud-init[0;32m  OK  [0m[953]: ] Your identification has been saved in /etc/ssh/ssh_host_rsa_key.Started iSCSI initiator daemon (iscsid).

[   30.849662] cloud-init[953]: Your public key has been saved in /etc/ssh/ssh_host_rsa_key.pub.
[   31.020594]          cloud-initStarting Login to default iSCSI targets...[953]: 
The key fingerprint is:
[   31.088529] [cloud-init[0;32m  OK  [0m[953]: ] SHA256:a9W3nFUc6aqvdnHAk3rTmcANLW9rxcCztJBKdk7gJFg root@ubuntu-xenialReached target Sockets.

[   31.089227] [cloud-init[0;32m  OK  [0m[953]: ] The key's randomart image is:Reached target Basic System.

[   31.248508]          cloud-initStarting Login Service...[953]: 
+---[RSA 2048]----+
[   31.300716]          cloud-initStarting Pollinate to seed the pseudo random number generator...[953]: 
|       oE o. o...|
[   31.395487]          cloud-initStarting LSB: MD monitoring daemon...[953]: 
|      .  +o =o=+.|
[   31.452871] [cloud-init[0;32m  OK  [0m[953]: ] |         o.=ooB*o|Started D-Bus System Message Bus.

[   31.504700] [cloud-init[0;32m  OK  [0m[953]: ] |          ...Bo=+|Started Unattended Upgrades Shutdown.

[   31.505672] cloud-init[953]: |        S . o O *|
[   31.592683]          cloud-initStarting Apply the settings specified in cloud-config...[953]: 
|         o . B @ |
[   31.653393]          cloud-initStarting LXD - container startup/shutdown...[953]: 
|        o   o O  |
         Starting LSB: Record successful boot for GRUB...
[   31.715384] cloud-init[953]: |       .   o .   |
[   31.780836] cloud-init[953]: |          ..+.   |
[[0;32m  OK  [0m] Started Deferred execution scheduler.
[   31.812421] cloud-init[953]: +----[SHA256]-----+
[   31.880486] cloud-init[953]: Generating public/private dsa key pair.
[[0;32m  OK  [0m] Started FUSE filesystem for LXC.
[   31.918126] cloud-init[953]: Your identification has been saved in /etc/ssh/ssh_host_dsa_key.
[   32.009838]          cloud-initStarting System Logging Service...[953]: 
Your public key has been saved in /etc/ssh/ssh_host_dsa_key.pub.
[   32.088397] cloud-init[953]: The key fingerprint is:
[[0;32m  OK  [0m] Started ACPI event daemon.
[   32.118642] cloud-init[953]: SHA256:ESE+U2k4MCJeqhcYLvOJlCue8xdX8+mYt1RjMFW1z7I root@ubuntu-xenial
[[0;32m  OK  [0m] Started Snappy daemon.
         Starting Auto import assertions from block devices...
[   32.187802] cloud-init[953]: The key's randomart image is:
[   32.240766] [cloud-init[0;32m  OK  [0m[953]: ] +---[DSA 1024]----+Started Regular background program processing daemon.

[   32.241470] cloud-init[953]: |o ..o...+o   ...o|
         Starting Accounts Service...
[   32.344640] cloud-init[953]: |o++. oooo.  .   .|
[   32.396365]          cloud-initStarting /etc/rc.local Compatibility...[953]: 
|+*.   +o.  o   . |
[[0;32m  OK  [0m] Started System Logging Service.
[   32.440690] cloud-init[953]: |++.o   o +  o  ..|
[   32.684700] [cloud-init[0;32m  OK  [0m[953]: ] |+.+     S o .+. o|Started Pollinate to seed the pseudo random number generator.

[   32.685695] [cloud-init[0;32m  OK  [0m[953]: ] |o..  . .   oo .o |Started LXD - container startup/shutdown.

[   32.894240] [cloud-init[0;32m  OK  [0m[953]: ] | +    o   +.  E  |Started Auto import assertions from block devices.

[[0;32m  OK  [0m] Started /etc/rc.local Compatibility.
[   32.895074] cloud-init[953]: |  o  .   o.o     |
[   33.120406] cloud-init[953]: |   ..     ...    |
[   33.120934] cloud-init[953]: +----[SHA256]-----+
[   33.121016] cloud-init[953]: Generating public/private ecdsa key pair.
[   33.121088] cloud-init[953]: Your identification has been saved in /etc/ssh/ssh_host_ecdsa_key.
[   33.121153] cloud-init[953]: Your public key has been saved in /etc/ssh/ssh_host_ecdsa_key.pub.
[   33.121215] cloud-init[953]: The key fingerprint is:
[   33.121277] cloud-init[953]: SHA256:u7mMMisf0UorKRqCph3QOHnOCcjhrblmdwkOeYcgf7k root@ubuntu-xenial
[[0;32m  OK  [0m] Started Login to default iSCSI targets.
[   33.121369] cloud-init[953]: The key's randomart image is:
[   33.808550] cloud-init[953]: +---[ECDSA 256]---+
[[   33.856768] cloud-init[953]: |                 |
[   33.857508] cloud-init[953]: |                 |
[0;32m  OK  [0m] Started LSB: MD monitoring daemon.
[   33.857727] cloud-init[953]: | .               |
[[0;32m  OK  [0m] Started LSB: Record successful boot for GRUB.
[   34.045764] cloud-init[953]: |==o  .           |
[   34.216546] [cloud-init[0;32m  OK  [0m[953]: ] |O+=.+.. S        |Started Login Service.

[   34.217912] cloud-init[953]: |.X+Bo=   .       |
[   34.328718]          cloud-initStarting Authenticate and Authorize Users to Run Privileged Tasks...[953]: 
|=+@.*.. .        |
[   34.436594] cloud-init[[0;32m  OK  [0m] Reached target Remote File Systems (Pre).
[953]: |=*o=E+ o o       |
[   34.465416] [cloud-init[0;32m  OK  [0m[953]: ] |=.oo++. =.       |Reached target Remote File Systems.

[   34.521027]          cloud-initStarting LSB: automatic crash report generation...[953]: 
+----[SHA256]-----+
[   34.569258]          Starting LSB: VirtualBox Linux Additions...
cloud-init[953]: Generating public/private ed25519 key pair.
[   34.644642]          cloud-initStarting Permit User Sessions...[953]: 
Your identification has been saved in /etc/ssh/ssh_host_ed25519_key.
[   34.817198]          cloud-initStarting LSB: Set the CPU Frequency Scaling governor to "ondemand"...[953]: 
Your public key has been saved in /etc/ssh/ssh_host_ed25519_key.pub.
[   34.898850] cloud-init[953]: The key fingerprint is:
         Starting LSB: daemon to balance interrupts for SMP systems...
[   34.900244] cloud-init[953]: SHA256:N6WnihfOCOJS2fTTr6+3ua75J7OjngCAsme/OVDEZg8 root@ubuntu-xenial
         Starting OpenBSD Secure Shell server...
[[0;32m  OK  [0m] Started OpenBSD Secure Shell server.
[[0;32m  OK  [0m] Started Permit User Sessions.
[[0;32m  OK  [0m] Started Authenticate and Authorize Users to Run Privileged Tasks.
[   35.023437] cloud-init[953]: The key's randomart image is:
[   35.182170] cloud-init[[953]: [0;32m  OK  [0m+--[ED25519 256]--+] 
Started Accounts Service.
[   35.261271] cloud-init[953]: |   .             |
[   35.326125] cloud-init[953]: | .  E            |
[   35.328793] cloud-init[953]: |o .+ o      .    |
[   35.328897] cloud-init[953]: |.. .o .    o     |
[   35.328951] cloud-init[953]: |. o=.. .S + .    |
[   35.329002] cloud-init[953]: | o=.o.o o. +     |
[   35.329049] cloud-init[953]: | o o...= o.      |
[   35.329108] cloud-init[953]: |. . .o.o++*..    |
[   35.329812] cloud-init[953]: | .  o..oXXOO     |
[   35.329916] cloud-init[953]: +----[SHA256]-----+
[[0;32m  OK  [0m] Started LSB: automatic crash report generation.
[[0;32m  OK  [0m] Started LSB: VirtualBox Linux Additions.
[[0;32m  OK  [0m] Started LSB: Set the CPU Frequency Scaling governor to "ondemand".
[   35.340667] cloud-init[1098]: Generating locales (this might take a while)...
[   35.977911] [[0;32m  OK  [0m] Started LSB: daemon to balance interrupts for SMP systems.
cloud-init[1098]:   en_US.UTF-8... done
         Stopping OpenBSD Secure Shell server...
[   36.023327] cloud-init[1098]: Generation complete.
         Starting Terminate Plymouth Boot Screen...
         Starting Hold until boot process finishes up...
[[0;32m  OK  [0m] Stopped OpenBSD Secure Shell server.
[[0;32m  OK  [0m] Started Terminate Plymouth Boot Screen.
[[0;32m  OK  [0m] Started Hold until boot process finishes up.
[[0;32m  OK  [0m] Started Serial Getty on ttyS0.
[[0;32m  OK  [0m] Started Getty on tty1.
[[0;32m  OK  [0m] Reached target Login Prompts.
         Starting Set console scheme...
         Starting OpenBSD Secure Shell server...
[[0;32m  OK  [0m] Started OpenBSD Secure Shell server.
[[0;32m  OK  [0m] Started Set console scheme.
[[0;32m  OK  [0m] Reached target Multi-User System.
[[0;32m  OK  [0m] Reached target Graphical Interface.
         Starting Update UTMP about System Runlevel Changes...
[[0;32m  OK  [0m] Started Update UTMP about System Runlevel Changes.
[   37.105751] cloud-init[1098]: Cloud-init v. 0.7.9 running 'modules:config' at Mon, 23 Oct 2017 21:31:18 +0000. Up 32.10 seconds.
[[0;32m  OK  [0m] Started Apply the settings specified in cloud-config.
         Starting Execute cloud user/final scripts...
[[0;32m  OK  [0m] Created slice User Slice of ubuntu.
         Starting User Manager for UID 1000...
[[0;32m  OK  [0m] Started Session 1 of user ubuntu.
[[0;32m  OK  [0m] Started User Manager for UID 1000.
ci-info: no authorized ssh keys fingerprints found for user ubuntu.
<14>Oct 23 21:31:25 ec2: 
<14>Oct 23 21:31:25 ec2: #############################################################
<14>Oct 23 21:31:25 ec2: -----BEGIN SSH HOST KEY FINGERPRINTS-----
<14>Oct 23 21:31:25 ec2: 1024 SHA256:ESE+U2k4MCJeqhcYLvOJlCue8xdX8+mYt1RjMFW1z7I root@ubuntu-xenial (DSA)
<14>Oct 23 21:31:25 ec2: 256 SHA256:u7mMMisf0UorKRqCph3QOHnOCcjhrblmdwkOeYcgf7k root@ubuntu-xenial (ECDSA)
<14>Oct 23 21:31:25 ec2: 256 SHA256:N6WnihfOCOJS2fTTr6+3ua75J7OjngCAsme/OVDEZg8 root@ubuntu-xenial (ED25519)
<14>Oct 23 21:31:25 ec2: 2048 SHA256:a9W3nFUc6aqvdnHAk3rTmcANLW9rxcCztJBKdk7gJFg root@ubuntu-xenial (RSA)
<14>Oct 23 21:31:25 ec2: -----END SSH HOST KEY FINGERPRINTS-----
<14>Oct 23 21:31:25 ec2: #############################################################
-----BEGIN SSH HOST KEY KEYS-----
ecdsa-sha2-nistp256 AAAAE2VjZHNhLXNoYTItbmlzdHAyNTYAAAAIbmlzdHAyNTYAAABBBEDmQcqftCn07akjiiY2J3L5UOK4B2nq6FKN2EdEwXi5c7usmvvDHOwWdjbSif3Kcfj6MfW08tRYoQOFhoOUQQk= root@ubuntu-xenial
ssh-ed25519 AAAAC3NzaC1lZDI1NTE5AAAAIPkCoWPBSuap4y2nCiyAIA/B4dCXLj0Lr44O5lB+ec1D root@ubuntu-xenial
ssh-rsa AAAAB3NzaC1yc2EAAAADAQABAAABAQClXGjBAlI6Qmhrs42JD0J0H/Tn6UqZTBq0HT/oCHryrCRH1CDru1UXYpKqDm4ML6ag4Tu/h0M69DGtxoIC+Ju0wjKslY9lvQROTs+mUn59Cnfsi6oTiFZzmZK4AMLaRrLbMJH1wuQ9fJwtP5mZLuqZa7rI8LPpB5SqgYtTh4tG1oDXK/PfgP1Q78NcHgM4liFrmac60wtvJlamIwOPVFe5X/gWSA3+/CJD/PKHSaf1WiYzzlZDXI/sYCZWyXXhlWojZ+9gbrXtBxcir5Dw0yykOXmUr52pDX6rofZDdYs/5gbSmmBqJVcyxFOOpySnZyYFqPYXe4VzwDL8yFFzudM/ root@ubuntu-xenial
-----END SSH HOST KEY KEYS-----
[   39.822553] cloud-init[1320]: Cloud-init v. 0.7.9 running 'modules:final' at Mon, 23 Oct 2017 21:31:24 +0000. Up 38.03 seconds.
[   40.044351] [[0;32m  OK  [0m] Started Execute cloud user/final scripts.
cloud-init[1320]: ci-info: no authorized ssh keys fingerprints found for user ubuntu.
[   40.244592] [cloud-init[0;32m  OK  [0m[1320]: ] Cloud-init v. 0.7.9 finished at Mon, 23 Oct 2017 21:31:26 +0000. Datasource DataSourceNoCloud [seed=/dev/sdb][dsmode=net].  Up 39.80 secondsReached target Cloud-init target.


Ubuntu 16.04.3 LTS ubuntu-xenial ttyS0

ubuntu-xenial login: 