[    0.000000] Initializing cgroup subsys cpuset
[    0.000000] Initializing cgroup subsys cpu
[    0.000000] Initializing cgroup subsys cpuacct
[    0.000000] Linux version 4.4.0-93-generic (buildd@lgw01-03) (gcc version 5.4.0 20160609 (Ubuntu 5.4.0-6ubuntu1~16.04.4) ) #116-Ubuntu SMP Fri Aug 11 21:17:51 UTC 2017 (Ubuntu 4.4.0-93.116-generic 4.4.79)
[    0.000000] Command line: BOOT_IMAGE=/boot/vmlinuz-4.4.0-93-generic root=LABEL=cloudimg-rootfs ro console=tty1 console=ttyS0
[    0.000000] KERNEL supported cpus:
[    0.000000]   Intel GenuineIntel
[    0.000000]   AMD AuthenticAMD
[    0.000000]   Centaur CentaurHauls
[    0.000000] x86/fpu: xstate_offset[2]:  576, xstate_sizes[2]:  256
[    0.000000] x86/fpu: Supporting XSAVE feature 0x01: 'x87 floating point registers'
[    0.000000] x86/fpu: Supporting XSAVE feature 0x02: 'SSE registers'
[    0.000000] x86/fpu: Supporting XSAVE feature 0x04: 'AVX registers'
[    0.000000] x86/fpu: Enabled xstate features 0x7, context size is 832 bytes, using 'standard' format.
[    0.000000] x86/fpu: Using 'lazy' FPU context switches.
[    0.000000] e820: BIOS-provided physical RAM map:
[    0.000000] BIOS-e820: [mem 0x0000000000000000-0x000000000009fbff] usable
[    0.000000] BIOS-e820: [mem 0x000000000009fc00-0x000000000009ffff] reserved
[    0.000000] BIOS-e820: [mem 0x00000000000f0000-0x00000000000fffff] reserved
[    0.000000] BIOS-e820: [mem 0x0000000000100000-0x000000003ffeffff] usable
[    0.000000] BIOS-e820: [mem 0x000000003fff0000-0x000000003fffffff] ACPI data
[    0.000000] BIOS-e820: [mem 0x00000000fec00000-0x00000000fec00fff] reserved
[    0.000000] BIOS-e820: [mem 0x00000000fee00000-0x00000000fee00fff] reserved
[    0.000000] BIOS-e820: [mem 0x00000000fffc0000-0x00000000ffffffff] reserved
[    0.000000] NX (Execute Disable) protection: active
[    0.000000] SMBIOS 2.5 present.
[    0.000000] Hypervisor detected: KVM
[    0.000000] e820: last_pfn = 0x3fff0 max_arch_pfn = 0x400000000
[    0.000000] MTRR: Disabled
[    0.000000] x86/PAT: MTRRs disabled, skipping PAT initialization too.
[    0.000000] CPU MTRRs all blank - virtualized system.
[    0.000000] x86/PAT: Configuration [0-7]: WB  WT  UC- UC  WB  WT  UC- UC  
[    0.000000] found SMP MP-table at [mem 0x0009fff0-0x0009ffff] mapped at [ffff88000009fff0]
[    0.000000] Scanning 1 areas for low memory corruption
[    0.000000] RAMDISK: [mem 0x36ac4000-0x37559fff]
[    0.000000] ACPI: Early table checksum verification disabled
[    0.000000] ACPI: RSDP 0x00000000000E0000 000024 (v02 VBOX  )
[    0.000000] ACPI: XSDT 0x000000003FFF0030 00003C (v01 VBOX   VBOXXSDT 00000001 ASL  00000061)
[    0.000000] ACPI: FACP 0x000000003FFF00F0 0000F4 (v04 VBOX   VBOXFACP 00000001 ASL  00000061)
[    0.000000] ACPI: DSDT 0x000000003FFF0470 0021C8 (v02 VBOX   VBOXBIOS 00000002 INTL 20100528)
[    0.000000] ACPI: FACS 0x000000003FFF0200 000040
[    0.000000] ACPI: FACS 0x000000003FFF0200 000040
[    0.000000] ACPI: APIC 0x000000003FFF0240 00005C (v02 VBOX   VBOXAPIC 00000001 ASL  00000061)
[    0.000000] ACPI: SSDT 0x000000003FFF02A0 0001CC (v01 VBOX   VBOXCPUT 00000002 INTL 20100528)
[    0.000000] No NUMA configuration found
[    0.000000] Faking a node at [mem 0x0000000000000000-0x000000003ffeffff]
[    0.000000] NODE_DATA(0) allocated [mem 0x3ffeb03ffeffff]
[    0.000000] kvm-clock: Using msrs 4b564d01 and 4b564d00
[    0.000000] kvm-clock: cpu 0, msr 0:3ffe3001, primary cpu clock
[    0.000000] kvm-clock: using sched offset of 4635637330 cycles
[    0.000000] clocksource: kvm-clock: mask: 0xffffffffffffffff max_cycles: 0x1cd42e4dffb, max_idle_ns: 881590591483 ns
[    0.000000] Zone ranges:
[    0.000000]   DMA      [mem 0x0000000000001000-0x0000000000ffffff]
[    0.000000]   DMA32    [mem 0x0000000001000000-0x000000003ffeffff]
[    0.000000]   Normal   empty
[    0.000000]   Device   empty
[    0.000000] Movable zone start for each node
[    0.000000] Early memory node ranges
[    0.000000]   node   0: [mem 0x0000000000001000-0x000000000009efff]
[    0.000000]   node   0: [mem 0x0000000000100000-0x000000003ffeffff]
[    0.000000] Initmem setup node 0 [mem 0x0000000000001000-0x000000003ffeffff]
[    0.000000] ACPI: PM-Timer IO Port: 0x4008
[    0.000000] IOAPIC[0]: apic_id 2, version 32, address 0xfec00000, GSI 0-23
[    0.000000] ACPI: INT_SRC_OVR (bus 0 bus_irq 0 global_irq 2 dfl dfl)
[    0.000000] ACPI: INT_SRC_OVR (bus 0 bus_irq 9 global_irq 9 high level)
[    0.000000] Using ACPI (MADT) for SMP configuration information
[    0.000000] smpboot: Allowing 2 CPUs, 0 hotplug CPUs
[    0.000000] PM: Registered nosave memory: [mem 0x00000000-0x00000fff]
[    0.000000] PM: Registered nosave memory: [mem 0x0009f000-0x0009ffff]
[    0.000000] PM: Registered nosave memory: [mem 0x000a0000-0x000effff]
[    0.000000] PM: Registered nosave memory: [mem 0x000f0000-0x000fffff]
[    0.000000] e820: [mem 0x40000000-0xfebfffff] available for PCI devices
[    0.000000] Booting paravirtualized kernel on KVM
[    0.000000] clocksource: refined-jiffies: mask: 0xffffffff max_cycles: 0xffffffff, max_idle_ns: 7645519600211568 ns
[    0.000000] setup_percpu: NR_CPUS:512 nr_cpumask_bits:512 nr_cpu_ids:2 nr_node_ids:1
[    0.000000] PERCPU: Embedded 34 pages/cpu @ffff88003fc00000 s98328 r8192 d32744 u1048576
[    0.000000] PV qspinlock hash table entries: 256 (order: 0, 4096 bytes)
[    0.000000] Built 1 zonelists in Node order, mobility grouping on.  Total pages: 257913
[    0.000000] Policy zone: DMA32
[    0.000000] Kernel command line: BOOT_IMAGE=/boot/vmlinuz-4.4.0-93-generic root=LABEL=cloudimg-rootfs ro console=tty1 console=ttyS0
[    0.000000] PID hash table entries: 4096 (order: 3, 32768 bytes)
[    0.000000] Memory: 1001724K/1048120K available (8479K kernel code, 1294K rwdata, 3984K rodata, 1492K init, 1316K bss, 46396K reserved, 0K cma-reserved)
[    0.000000] SLUB: HWalign=64, Order=0-3, MinObjects=0, CPUs=2, Nodes=1
[    0.000000] Hierarchical RCU implementation.
[    0.000000] 	Build-time adjustment of leaf fanout to 64.
[    0.000000] 	RCU restricting CPUs from NR_CPUS=512 to nr_cpu_ids=2.
[    0.000000] RCU: Adjusting geometry for rcu_fanout_leaf=64, nr_cpu_ids=2
[    0.000000] NR_IRQS:33024 nr_irqs:440 16
[    0.000000] Console: colour VGA+ 80x25
[    0.000000] console [tty1] enabled
[    0.000000] console [ttyS0] enabled
[    0.000000] tsc: Detected 2904.000 MHz processor
[    3.400099] Calibrating delay loop (skipped) preset value.. 5808.00 BogoMIPS (lpj=11616000)
[    3.407621] pid_max: default: 32768 minimum: 301
[    3.411166] ACPI: Core revision 20150930
[    3.416240] ACPI: 2 ACPI AML tables successfully acquired and loaded
[    3.425233] Security Framework initialized
[    3.428151] Yama: becoming mindful.
[    3.430602] AppArmor: AppArmor initialized
[    3.433806] Dentry cache hash table entries: 131072 (order: 8, 1048576 bytes)
[    3.439425] Inode-cache hash table entries: 65536 (order: 7, 524288 bytes)
[    3.457302] Mount-cache hash table entries: 2048 (order: 2, 16384 bytes)
[    3.466381] Mountpoint-cache hash table entries: 2048 (order: 2, 16384 bytes)
[    3.481283] Initializing cgroup subsys io
[    3.497797] Initializing cgroup subsys memory
[    3.514086] Initializing cgroup subsys devices
[    3.533054] Initializing cgroup subsys freezer
[    3.541236] Initializing cgroup subsys net_cls
[    3.550058] Initializing cgroup subsys perf_event
[    3.553757] Initializing cgroup subsys net_prio
[    3.566604] Initializing cgroup subsys hugetlb
[    3.569606] Initializing cgroup subsys pids
[    3.582423] CPU: Physical Processor ID: 0
[    3.588646] CPU: Processor Core ID: 0
[    3.604898] mce: CPU supports 0 MCE banks
[    3.608129] Last level iTLB entries: 4KB 64, 2MB 8, 4MB 8
[    3.613160] Last level dTLB entries: 4KB 64, 2MB 0, 4MB 0, 1GB 4
[    3.620610] Freeing SMP alternatives memory: 32K (ffffffff820ba000 - ffffffff820c2000)
[    3.666694] ftrace: allocating 32136 entries in 126 pages
[    3.740955] smpboot: APIC(0) Converting physical 0 to logical package 0
[    3.748234] smpboot: Max logical packages: 1
[    3.757379] x2apic enabled
[    3.777457] Switched APIC routing to physical x2apic.
[    3.784167] ..TIMER: vector=0x30 apic1=0 pin1=2 apic2=-1 pin2=-1
[    3.908668] smpboot: CPU0: Intel(R) Core(TM) i5-6267U CPU @ 2.90GHz (family: 0x6, model: 0x4e, stepping: 0x3)
[    3.934930] Performance Events: unsupported p6 CPU model 78 no PMU driver, software events only.
[    3.946342] KVM setup paravirtual spinlock
[    3.956859] x86: Booting SMP configuration:
[    3.969512] .... node  #0, CPUs:      #1
[    3.989458] kvm-clock: cpu 1, msr 0:3ffe3041, secondary cpu clock
[    4.088175] mce: CPU supports 0 MCE banks
[    4.153934] x86: Booted up 1 node, 2 CPUs
[    4.160565] smpboot: Total of 2 processors activated (11616.00 BogoMIPS)
[    4.167978] devtmpfs: initialized
[    4.173277] evm: security.selinux
[    4.191155] evm: security.SMACK64
[    4.206356] evm: security.SMACK64EXEC
[    4.218895] evm: security.SMACK64TRANSMUTE
[    4.221883] evm: security.SMACK64MMAP
[    4.224206] evm: security.ima
[    4.226953] evm: security.capability
[    4.247059] clocksource: jiffies: mask: 0xffffffff max_cycles: 0xffffffff, max_idle_ns: 7645041785100000 ns
[    4.344857] futex hash table entries: 512 (order: 3, 32768 bytes)
[    4.415181] pinctrl core: initialized pinctrl subsystem
[    4.422452] RTC time: 18:37:39, date: 11/10/17
[    4.434658] NET: Registered protocol family 16
[    4.448638] cpuidle: using governor ladder
[    4.468604] cpuidle: using governor menu
[    4.480447] PCCT header not found.
[    4.507103] ACPI: bus type PCI registered
[    4.511498] acpiphp: ACPI Hot Plug PCI Controller Driver version: 0.5
[    4.515597] PCI: Using configuration type 1 for base access
[    4.533760] ACPI: Added _OSI(Module Device)
[    4.541612] ACPI: Added _OSI(Processor Device)
[    4.543831] ACPI: Added _OSI(3.0 _SCP Extensions)
[    4.546769] ACPI: Added _OSI(Processor Aggregator Device)
[    4.555278] ACPI: Executed 1 blocks of module-level executable AML code
[    4.567213] ACPI: Interpreter enabled
[    4.572295] ACPI: (supports S0 S5)
[    4.575022] ACPI: Using IOAPIC for interrupt routing
[    4.580345] PCI: Using host bridge windows from ACPI; if necessary, use "pci=nocrs" and report a bug
[    4.666566] ACPI: PCI Root Bridge [PCI0] (domain 0000 [bus 00-ff])
[    4.729563] acpi PNP0A03:00: _OSC: OS supports [ASPM ClockPM Segments MSI]
[    4.765137] acpi PNP0A03:00: _OSC failed (AE_NOT_FOUND); disabling ASPM
[    4.790981] acpi PNP0A03:00: fail to add MMCONFIG information, can't access extended PCI configuration space under this bridge.
[    4.804667] PCI host bridge to bus 0000:00
[    4.822075] pci_bus 0000:00: root bus resource [io  0x0000-0x0cf7 window]
[    4.838851] pci_bus 0000:00: root bus resource [io  0x0d00-0xffff window]
[    4.843840] pci_bus 0000:00: root bus resource [mem 0x000a0000-0x000bffff window]
[    4.850607] pci_bus 0000:00: root bus resource [mem 0x40000000-0xffdfffff window]
[    4.862672] pci_bus 0000:00: root bus resource [bus 00-ff]
[    4.869930] pci 0000:00:01.1: legacy IDE quirk: reg 0x10: [io  0x01f0-0x01f7]
[    4.878422] pci 0000:00:01.1: legacy IDE quirk: reg 0x14: [io  0x03f6]
[    4.884011] pci 0000:00:01.1: legacy IDE quirk: reg 0x18: [io  0x0170-0x0177]
[    4.887286] pci 0000:00:01.1: legacy IDE quirk: reg 0x1c: [io  0x0376]
[    4.917870] pci 0000:00:07.0: quirk: [io  0x4000-0x403f] claimed by PIIX4 ACPI
[    4.939912] pci 0000:00:07.0: quirk: [io  0x4100-0x410f] claimed by PIIX4 SMB
[    4.953661] ACPI: PCI Interrupt Link [LNKA] (IRQs 5 9 10 *11)
[    4.968971] ACPI: PCI Interrupt Link [LNKB] (IRQs 5 9 10 *11)
[    4.979064] ACPI: PCI Interrupt Link [LNKC] (IRQs 5 9 *10 11)
[    4.985919] ACPI: PCI Interrupt Link [LNKD] (IRQs 5 *9 10 11)
[    4.992276] ACPI: Enabled 2 GPEs in block 00 to 07
[    4.994521] vgaarb: setting as boot device: PCI:0000:00:02.0
[    4.997214] vgaarb: device added: PCI:0000:00:02.0,decodes=io+mem,owns=io+mem,locks=none
[    5.003137] vgaarb: loaded
[    5.009209] vgaarb: bridge control possible 0000:00:02.0
[    5.019341] SCSI subsystem initialized
[    5.023361] ACPI: bus type USB registered
[    5.028889] usbcore: registered new interface driver usbfs
[    5.047498] usbcore: registered new interface driver hub
[    5.071317] usbcore: registered new device driver usb
[    5.081159] PCI: Using ACPI for IRQ routing
[    5.083891] NetLabel: Initializing
[    5.087524] NetLabel:  domain hash size = 128
[    5.133207] NetLabel:  protocols = UNLABELED CIPSOv4
[    5.149316] NetLabel:  unlabeled traffic allowed by default
[    5.195069] amd_nb: Cannot enumerate AMD northbridges
[    5.201172] clocksource: Switched to clocksource kvm-clock
[    5.233064] AppArmor: AppArmor Filesystem Enabled
[    5.292893] pnp: PnP ACPI init
[    5.300938] pnp: PnP ACPI: found 3 devices
[    5.363962] clocksource: acpi_pm: mask: 0xffffff max_cycles: 0xffffff, max_idle_ns: 2085701024 ns
[    5.371515] NET: Registered protocol family 2
[    5.374329] TCP established hash table entries: 8192 (order: 4, 65536 bytes)
[    5.395519] TCP bind hash table entries: 8192 (order: 5, 131072 bytes)
[    5.399405] TCP: Hash tables configured (established 8192 bind 8192)
[    5.408217] UDP hash table entries: 512 (order: 2, 16384 bytes)
[    5.411173] UDP-Lite hash table entries: 512 (order: 2, 16384 bytes)
[    5.413510] NET: Registered protocol family 1
[    5.422921] pci 0000:00:00.0: Limiting direct PCI/PCI transfers
[    5.450336] pci 0000:00:01.0: Activating ISA DMA hang workarounds
[    5.455294] Unpacking initramfs...
[    7.487895] Freeing initrd memory: 10840K (ffff880036ac4000 - ffff88003755a000)
[    7.507031] platform rtc_cmos: registered platform RTC device (no PNP device found)
[    7.547654] Scanning for low memory corruption every 60 seconds
[    7.568446] audit: initializing netlink subsys (disabled)
[    7.595474] audit: type=2000 audit(1510339063.789:1): initialized
[    7.640561] Initialise system trusted keyring
[    7.658958] HugeTLB registered 2 MB page size, pre-allocated 0 pages
[    7.741679] zbud: loaded
[    7.757513] VFS: Disk quotas dquot_6.6.0
[    7.809275] VFS: Dquot-cache hash table entries: 512 (order 0, 4096 bytes)
[    7.966749] squashfs: version 4.0 (2009/01/31) Phillip Lougher
[    8.086408] fuse init (API version 7.23)
[    8.149329] Key type big_key registered
[    8.195572] Allocating IMA MOK and blacklist keyrings.
[    8.262097] Key type asymmetric registered
[    8.409689] Asymmetric key parser 'x509' registered
[    8.538763] tsc: Refined TSC clocksource calibration: 2906.430 MHz
[    8.711444] clocksource: tsc: mask: 0xffffffffffffffff max_cycles: 0x29e4fd2e015, max_idle_ns: 440795245412 ns
[    8.714105] Block layer SCSI generic (bsg) driver version 0.4 loaded (major 249)
[    8.714154] io scheduler noop registered
[    8.714157] io scheduler deadline registered (default)
[    8.714196] io scheduler cfq registered
[    8.714331] pci_hotplug: PCI Hot Plug PCI Core version: 0.5
[    8.714337] pciehp: PCI Express Hot Plug Controller Driver version: 0.4
[    8.714674] ACPI: AC Adapter [AC] (on-line)
[    8.714735] input: Power Button as /devices/LNXSYSTM:00/LNXPWRBN:00/input/input0
[    8.714737] ACPI: Power Button [PWRF]
[    8.714829] input: Sleep Button as /devices/LNXSYSTM:00/LNXSLPBN:00/input/input1
[    8.714831] ACPI: Sleep Button [SLPF]
[    8.714997] GHES: HEST is not enabled!
[    8.839169] ACPI: Battery Slot [BAT0] (battery present)
[    8.839476] Serial: 8250/16550 driver, 32 ports, IRQ sharing enabled
[    8.946161] 00:02: ttyS0 at I/O 0x3f8 (irq = 4, base_baud = 115200) is a 16550A
[    8.985276] Linux agpgart interface v0.103
[    9.040017] loop: module loaded
[    9.040581] scsi host0: ata_piix
[    9.040643] scsi host1: ata_piix
[    9.040679] ata1: PATA max UDMA/33 cmd 0x1f0 ctl 0x3f6 bmdma 0xd000 irq 14
[    9.040680] ata2: PATA max UDMA/33 cmd 0x170 ctl 0x376 bmdma 0xd008 irq 15
[    9.040772] libphy: Fixed MDIO Bus: probed
[    9.040776] tun: Universal TUN/TAP device driver, 1.6
[    9.040776] tun: (C) 1999-2004 Max Krasnyansky <maxk@qualcomm.com>
[    9.041382] PPP generic driver version 2.4.2
[    9.041545] ehci_hcd: USB 2.0 'Enhanced' Host Controller (EHCI) Driver
[    9.041551] ehci-pci: EHCI PCI platform driver
[    9.041569] ehci-platform: EHCI generic platform driver
[    9.041578] ohci_hcd: USB 1.1 'Open' Host Controller (OHCI) Driver
[    9.041582] ohci-pci: OHCI PCI platform driver
[    9.041592] ohci-platform: OHCI generic platform driver
[    9.041600] uhci_hcd: USB Universal Host Controller Interface driver
[    9.041726] i8042: PNP: PS/2 Controller [PNP0303:PS2K,PNP0f03:PS2M] at 0x60,0x64 irq 1,12
[    9.042245] serio: i8042 KBD port at 0x60,0x64 irq 1
[    9.042252] serio: i8042 AUX port at 0x60,0x64 irq 12
[    9.042372] mousedev: PS/2 mouse device common for all mice
[    9.042664] input: AT Translated Set 2 keyboard as /devices/platform/i8042/serio0/input/input2
[    9.043041] rtc_cmos rtc_cmos: rtc core: registered rtc_cmos as rtc0
[    9.043099] rtc_cmos rtc_cmos: alarms up to one day, 114 bytes nvram
[    9.043106] i2c /dev entries driver
[    9.043167] device-mapper: uevent: version 1.0.3
[    9.043227] device-mapper: ioctl: 4.34.0-ioctl (2015-10-28) initialised: dm-devel@redhat.com
[    9.043242] ledtrig-cpu: registered to indicate activity on CPUs
[    9.043894] NET: Registered protocol family 10
[    9.044055] NET: Registered protocol family 17
[    9.044064] Key type dns_resolver registered
[    9.044212] microcode: CPU0 sig=0x406e3, pf=0x2, revision=0x0
[    9.107432] microcode: CPU1 sig=0x406e3, pf=0x2, revision=0x0
[    9.107511] microcode: Microcode Update Driver: v2.01 <tigran@aivazian.fsnet.co.uk>, Peter Oruba
[    9.107625] registered taskstats version 1
[    9.107639] Loading compiled-in X.509 certificates
[    9.108174] Loaded X.509 cert 'Build time autogenerated kernel key: a6f98c496ad22cf23b77f8fe21ff88c41791cbd4'
[    9.108193] zswap: loaded using pool lzo/zbud
[    9.109396] Key type trusted registered
[    9.111184] Key type encrypted registered
[    9.111188] AppArmor: AppArmor sha1 policy hashing enabled
[    9.111190] ima: No TPM chip found, activating TPM-bypass!
[    9.111207] evm: HMAC attrs: 0x1
[    9.111470]   Magic number: 9:273:645
[    9.138656] rtc_cmos rtc_cmos: setting system clock to 2017-11-10 18:37:43 UTC (1510339063)
[    9.138905] BIOS EDD facility v0.16 2004-Jun-25, 0 devices found
[    9.138905] EDD information not available.
[   11.371321] Freeing unused kernel memory: 1492K (ffffffff81f45000 - ffffffff820ba000)
[   11.427062] Write protecting the kernel read-only data: 14336k
[   11.497606] Freeing unused kernel memory: 1748K (ffff88000184b000 - ffff880001a00000)
[   11.501314] Freeing unused kernel memory: 112K (ffff880001de4000 - ffff880001e00000)
Loading, please wait...
[   11.542347] random: systemd-udevd: uninitialized urandom read (16 bytes read, 7 bits of entropy available)
starting version[   11.543678] random: udevadm: uninitialized urandom read (16 bytes read, 7 bits of entropy available)
 229
[   11.543806] random: udevadm: uninitialized urandom read (16 bytes read, 7 bits of entropy available)
[   11.544070] random: udevadm: uninitialized urandom read (16 bytes read, 7 bits of entropy available)
[   11.544186] random: udevadm: uninitialized urandom read (16 bytes read, 7 bits of entropy available)
[   11.544299] random: udevadm: uninitialized urandom read (16 bytes read, 7 bits of entropy available)
[   11.544438] random: udevadm: uninitialized urandom read (16 bytes read, 7 bits of entropy available)
[   11.544527] random: udevadm: uninitialized urandom read (16 bytes read, 7 bits of entropy available)
[   11.544630] random: udevadm: uninitialized urandom read (16 bytes read, 7 bits of entropy available)
[   11.544727] random: udevadm: uninitialized urandom read (16 bytes read, 7 bits of entropy available)
[   13.113103] e1000: Intel(R) PRO/1000 Network Driver - version 7.3.21-k8-NAPI
[   13.152802] e1000: Copyright (c) 1999-2006 Intel Corporation.
[   13.189173] Fusion MPT base driver 3.04.20
[   13.216521] Copyright (c) 1999-2008 LSI Corporation
[   13.261784] AVX version of gcm_enc/dec engaged.
[   13.263676] Fusion MPT SPI Host driver 3.04.20
[   13.478291] AES CTR mode by8 optimization enabled
[   13.736828] input: ImExPS/2 Generic Explorer Mouse as /devices/platform/i8042/serio1/input/input4
[   13.901033] e1000 0000:00:03.0 eth0: (PCI:33MHz:32-bit) 02:04:e4:df:e4:d8
[   13.934194] e1000 0000:00:03.0 eth0: Intel(R) PRO/1000 Network Connection
[   13.971278] mptbase: ioc0: Initiating bringup
[   14.001513] e1000 0000:00:03.0 enp0s3: renamed from eth0
[   14.081786] ioc0: LSI53C1030 A0: Capabilities={Initiator}
[   14.312711] scsi host2: ioc0: LSI53C1030 A0, FwRev=00000000h, Ports=1, MaxQ=256, IRQ=20
[   14.537752] scsi 2:0:0:0: Direct-Access     VBOX     HARDDISK         1.0  PQ: 0 ANSI: 5
[   14.648353] scsi target2:0:0: Beginning Domain Validation
[   14.695448] scsi target2:0:0: Domain Validation skipping write tests
[   14.796346] scsi target2:0:0: Ending Domain Validation
[   14.827844] scsi target2:0:0: asynchronous
[   14.865083] scsi 2:0:1:0: Direct-Access     VBOX     HARDDISK         1.0  PQ: 0 ANSI: 5
[   14.978318] scsi target2:0:1: Beginning Domain Validation
[   14.999081] scsi target2:0:1: Domain Validation skipping write tests
[   15.019716] scsi target2:0:1: Ending Domain Validation
[   15.036505] scsi target2:0:1: asynchronous
[   15.105056] sd 2:0:0:0: Attached scsi generic sg0 type 0
[   15.105183] sd 2:0:0:0: [sda] 20971520 512-byte logical blocks: (10.7 GB/10.0 GiB)
[   15.105376] sd 2:0:0:0: [sda] Write Protect is off
[   15.105477] sd 2:0:0:0: [sda] Incomplete mode parameter data
[   15.105478] sd 2:0:0:0: [sda] Assuming drive cache: write through
[   15.106743]  sda: sda1
[   15.107581] sd 2:0:0:0: [sda] Attached SCSI disk
[   15.437684] sd 2:0:1:0: [sdb] 20480 512-byte logical blocks: (10.5 MB/10.0 MiB)
[   15.547046] sd 2:0:1:0: Attached scsi generic sg1 type 0
[   15.648266] sd 2:0:1:0: [sdb] Write Protect is off
[   15.768340] sd 2:0:1:0: [sdb] Incomplete mode parameter data
[   15.844188] sd 2:0:1:0: [sdb] Assuming drive cache: write through
[   15.896560] sd 2:0:1:0: [sdb] Attached SCSI disk
[   16.541817] floppy0: no floppy controllers found
Begin: Loading e[   17.986153] md: linear personality registered for level -1
ssential drivers[   18.090187] md: multipath personality registered for level -4
 ... [   18.146641] md: raid0 personality registered for level 0
[   18.222412] md: raid1 personality registered for level 1
[   18.313215] raid6: sse2x1   gen()  6669 MB/s
[   18.406785] raid6: sse2x1   xor()  4186 MB/s
[   18.505272] raid6: sse2x2   gen() 10084 MB/s
[   18.593317] raid6: sse2x2   xor()  6703 MB/s
[   18.713258] raid6: sse2x4   gen() 11345 MB/s
[   18.805326] raid6: sse2x4   xor()  7276 MB/s
[   18.855855] raid6: using algorithm sse2x4 gen() 11345 MB/s
[   18.897771] raid6: .... xor() 7276 MB/s, rmw enabled
[   18.907991] raid6: using ssse3x2 recovery algorithm
[   18.915365] xor: automatically using best checksumming function:
[   19.009295]    avx       : 22063.000 MB/sec
[   19.064320] async_tx: api initialized (async)
[   19.095829] md: raid6 personality registered for level 6
[   19.117677] md: raid5 personality registered for level 5
[   19.131993] md: raid4 personality registered for level 4
[   19.139813] md: raid10 personality registered for level 10
done.
Begin: Running /scripts/init-premount ... done.
Begin: Mounting root file system ... Begin: Running /scr[   19.224235] Btrfs loaded
ipts/local-top ... done.
Begin: Running /script[   19.324848] EXT4-fs (sda1): mounted filesystem with ordered data mode. Opts: (null)
s/local-premount ... Scanning for Btrfs filesystems
done.
Warning: fsck not present, so skipping root file system
done.
Begin: Running /scripts/local-bottom ... done.
Begin: Running /scripts/init-bottom ... done.
[   19.685470] systemd[1]: systemd 229 running in system mode. (+PAM +AUDIT +SELINUX +IMA +APPARMOR +SMACK +SYSVINIT +UTMP +LIBCRYPTSETUP +GCRYPT +GNUTLS +ACL +XZ -LZ4 +SECCOMP +BLKID +ELFUTILS +KMOD -IDN)
[   20.016053] systemd[1]: Detected virtualization oracle.
[   20.215475] systemd[1]: Detected architecture x86-64.

Welcome to [1mUbuntu 16.04.3 LTS[0m!

[   20.286972] systemd[1]: Set hostname to <ubuntu>.
[   20.320328] systemd[1]: Initializing machine ID from random generator.
[   20.338699] systemd[1]: Installed transient /etc/machine-id file.
[   20.543231] random: nonblocking pool is initialized
[   20.637351] systemd[1]: Reached target Swap.
[[0;32m  OK  [0m] Reached target Swap.
[   20.709762] systemd[1]: Listening on Journal Socket (/dev/log).
[[0;32m  OK  [0m] Listening on Journal Socket (/dev/log).
[   20.757931] systemd[1]: Created slice System Slice.
[[0;32m  OK  [0m] Created slice System Slice.
[   20.807815] systemd[1]: Listening on LVM2 poll daemon socket.
[[0;32m  OK  [0m] Listening on LVM2 poll daemon socket.
[   20.812443] systemd[1]: Listening on udev Control Socket.
[[0;32m  OK  [0m] Listening on udev Control Socket.
[   20.849988] systemd[1]: Created slice system-serial\x2dgetty.slice.
[[0;32m  OK  [0m] Created slice system-serial\x2dgetty.slice.
[   20.930916] systemd[1]: Reached target User and Group Name Lookups.
[[0;32m  OK  [0m] Reached target User and Group Name Lookups.
[   20.971168] systemd[1]: Created slice User and Session Slice.
[[0;32m  OK  [0m] Created slice User and Session Slice.
[   20.997844] systemd[1]: Listening on Syslog Socket.
[[0;32m  OK  [0m] Listening on Syslog Socket.
[   21.028273] systemd[1]: Listening on udev Kernel Socket.
[[0;32m  OK  [0m] Listening on udev Kernel Socket.
[   21.093590] systemd[1]: Listening on /dev/initctl Compatibility Named Pipe.
[[0;32m  OK  [0m] Listening on /dev/initctl Compatibility Named Pipe.
[   21.159012] systemd[1]: Listening on Journal Socket.
[[0;32m  OK  [0m] Listening on Journal Socket.
[   21.209749] systemd[1]: Starting Nameserver information manager...
         Starting Nameserver information manager...
[   21.297595] systemd[1]: Mounting POSIX Message Queue File System...
         Mounting POSIX Message Queue File System...
[   21.373505] systemd[1]: Starting Load Kernel Modules...
[   21.497352] Loading iSCSI transport class v2.0-870.
         Starting Load Kernel Mo[   21.563416] iscsi: registered transport (tcp)
dules...
[   21.588490] systemd[1]: Mounting Debug File System...
         Mounting Debug File System...
[   21.650062] iscsi: registered transport (iser)
[   21.670118] systemd[1]: Starting Set console keymap...
         Starting Set console keymap...
[   21.697351] systemd[1]: Starting Remount Root and Kernel File Systems...
[   21.713949] EXT4-fs (sda1): re-mounted. Opts: (null)
         Starting Remount Root and Kernel File Systems...
[   21.781459] systemd[1]: Starting Uncomplicated firewall...
         Starting Uncomplicated firewall...
[   21.838598] systemd[1]: Mounting Huge Pages File System...
         Mounting Huge Pages File System...
[   21.929764] systemd[1]: Started Trigger resolvconf update for networkd DNS.
[[0;32m  OK  [0m] Started Trigger resolvconf update for networkd DNS.
[   22.013537] systemd[1]: Reached target Slices.
[[0;32m  OK  [0m] Reached target Slices.
[   22.041742] systemd[1]: Starting Create list of required static device nodes for the current kernel...
         Starting Create list of required st... nodes for the current kernel...
[   22.061659] systemd[1]: Started Forward Password Requests to Wall Directory Watch.
[[0;32m  OK  [0m] Started Forward Password Requests to Wall Directory Watch.
[   22.082006] systemd[1]: Listening on Journal Audit Socket.
[[0;32m  OK  [0m] Listening on Journal Audit Socket.
[   22.095239] systemd[1]: Reached target Encrypted Volumes.
[[0;32m  OK  [0m] Reached target Encrypted Volumes.
[   22.154189] systemd[1]: Set up automount Arbitrary Executable File Formats File System Automount Point.
[[0;32m  OK  [0m] Set up automount Arbitrary Executab...ats File System Automount Point.
[   22.329451] systemd[1]: Starting Journal Service...
         Starting Journal Service...
[   22.374714] systemd[1]: Listening on Device-mapper event daemon FIFOs.
[[0;32m  OK  [0m] Listening on Device-mapper event daemon FIFOs.
[   22.449579] systemd[1]: Listening on LVM2 metadata daemon socket.
[[0;32m  OK  [0m] Listening on LVM2 metadata daemon socket.
[   22.531015] systemd[1]: Starting Monitoring of LVM2 mirrors, snapshots etc. using dmeventd or progress polling...
         Starting Monitoring of LVM2 mirrors... dmeventd or progress polling...
[   22.706192] systemd[1]: Mounted Huge Pages File System.
[[0;32m  OK  [0m] Mounted Huge Pages File System.
[   22.897603] systemd[1]: Mounted POSIX Message Queue File System.
[[0;32m  OK  [0m] Mounted POSIX Message Queue File System.
[   22.999280] systemd[1]: Mounted Debug File System.
[[0;32m  OK  [0m] Mounted Debug File System.
[   23.065761] systemd[1]: Started Journal Service.
[[0;32m  OK  [0m] Started Journal Service.
[[0;32m  OK  [0m] Started Load Kernel Modules.
[[0;32m  OK  [0m] Started Set console keymap.
[[0;32m  OK  [0m] Started Remount Root and Kernel File Systems.
[[0;32m  OK  [0m] Started Uncomplicated firewall.
[[0;32m  OK  [0m] Started Create list of required sta...ce nodes for the current kernel.
[[0;32m  OK  [0m] Started Nameserver information manager.
[[0;32m  OK  [0m] Started LVM2 metadata daemon.
         Starting Create Static Device Nodes in /dev...
         Starting Load/Save Random Seed...
         Starting udev Coldplug all Devices...
         Starting Initial cloud-init job (pre-networking)...
         Starting Apply Kernel Variables...
         Mounting FUSE Control File System...
         Starting Flush Journal to Persistent Storage...
[[0;32m  OK  [0m] Mounted FUSE Control File System.
[[0;32m  OK  [0m] Started Create Static Device Nodes in /dev.
[[0;32m  OK  [0m] Started Monitoring of LVM2 mirrors,...ng dmeventd or progress polling.
[[0;32m  OK  [0m] Started Load/Save Random Seed.
[[0;32m  OK  [0m] Started Apply Kernel Variables.
[[0;32m  OK  [0m] Started udev Coldplug all Devices.
         Starting udev Kernel Device Manager...
[[0;32m  OK  [0m] Started udev Kernel Device Manager.
[[0;32m  OK  [0m] Started Flush Journal to Persistent Storage.
[[0;32m  OK  [0m] Started Dispatch Password Requests to Console Directory Watch.
[[0;32m  OK  [0m] Reached target Local File Systems (Pre).
[[0;32m  OK  [0m] Reached target Local File Systems.
         Starting LSB: AppArmor initialization...
         Starting Commit a transient machine-id on disk...
         Starting Set console font and keymap...
         Starting Tell Plymouth To Write Out Runtime Data...
[   20.603185] cloud-init[450]: Cloud-init v. 0.7.9 running 'init-local' at Fri, 10 Nov 2017 18:37:59 +0000. Up 20.24 seconds.
         Starting Create Volatile Files and Directories...
[[0;32m  OK  [0m] Started Commit a transient machine-id on disk.
[[0;32m  OK  [0m] Started Set console font and keymap.
[[0;32m  OK  [0m] Started Tell Plymouth To Write Out Runtime Data.
[[0;32m  OK  [0m] Started Create Volatile Files and Directories.
[[0;32m  OK  [0m] Started Initial cloud-init job (pre-networking).
[[0;32m  OK  [0m] Found device /dev/ttyS0.
[[0;32m  OK  [0m] Listening on Load/Save RF Kill Switch Status /dev/rfkill Watch.
[[0;32m  OK  [0m] Reached target Network (Pre).
[[0;32m  OK  [0m] Reached target System Time Synchronized.
         Starting Update UTMP about System Boot/Shutdown...
[[0;32m  OK  [0m] Created slice system-getty.slice.
[[0;32m  OK  [0m] Started LSB: AppArmor initialization.
[[0;32m  OK  [0m] Started Update UTMP about System Boot/Shutdown.
         Starting Raise network interfaces...
[[0;32m  OK  [0m] Started Raise network interfaces.
[[0;32m  OK  [0m] Reached target Network.
         Starting Initial cloud-init job (metadata service crawler)...
[   24.369674] cloud-init[924]: Cloud-init v. 0.7.9 running 'init' at Fri, 10 Nov 2017 18:38:02 +0000. Up 23.69 seconds.
[[0;32m  OK  [0m] Started Initial cloud-init job (metadata service crawler).
[[0;32m  OK  [0m] Reached target Network is Online.
[   24.506479] cloud-init[924]: ci-info: +++++++++++++++++++++++++++++++++++++Net device info+++++++++++++++++++++++++++++++++++++
[   24.744650] cloud-init[924]: ci-info: +--------+------+---------------------------+---------------+-------+-------------------+
         Starting iSCSI initiator daemon (iscsid)...
[[0;32m  OK  [0m] Reached target Cloud-config availability.
[[0;32m  OK  [0m] Reached target System Initialization.
[   24.856216] cloud-init[924]: ci-info: | Device |  Up  |          Address          |      Mask     | Scope |     Hw-Address    |
[   25.120679] cloud-init[924]: ci-info: +--------+------+---------------------------+---------------+-------+-------------------+
[   25.216569] cloud-init[924]: ci-info: |   lo   | True |         127.0.0.1         |   255.0.0.0   |   .   |         .         |
         Starting Socket activation for snappy daemon.
[   25.339848] cloud-init[924]: ci-info: |   lo   | True |          ::1/128          |       .       |  host |         .         |
[   25.488962] cloud-init[924]: ci-info: | enp0s3 | True |         10.0.2.15         | 255.255.255.0 |   .   | 02:04:e4:df:e4:d8 |
[   25.584960] cloud-init[924]: ci-info: | enp0s3 | True | fe80::4:e4ff:fedf:e4d8/64 |       .       |  link | 02:04:e4:df:e4:d8 |
         Starting LXD - unix socket.
[[0;32m  OK  [0m] Started Daily apt download activities.
[[0;32m  OK  [0m] Started Daily apt upgrade and clean activities.
[   25.695393] cloud-init[924]: ci-info: +--------+------+---------------------------+---------------+-------+-------------------+
[   25.948446] cloud-init[924]: ci-info: +++++++++++++++++++++++++++Route IPv4 info++++++++++++++++++++++++++++
[   26.022358] cloud-init[924]: ci-info: +-------+-------------+----------+---------------+-----------+-------+
[[0;32m  OK  [0m] Started Daily Cleanup of Temporary Directories.
[[0;32m  OK  [0m] Listening on ACPID Listen Socket.
[[0;32m  OK  [0m] Listening on D-Bus System Message Bus Socket.
[   26.119237] cloud-init[924]: ci-info: | Route | Destination | Gateway  |    Genmask    | Interface | Flags |
[   26.377787] cloud-init[924]: ci-info: +-------+-------------+----------+---------------+-----------+-------+
[   26.467100] cloud-init[924]: ci-info: |   0   |   0.0.0.0   | 10.0.2.2 |    0.0.0.0    |   enp0s3  |   UG  |
[[0;32m  OK  [0m] Started Timer to automatically refresh installed snaps.
[[0;32m  OK  [0m] Reached target Timers.
[[0;32m  OK  [0m] Listening on UUID daemon activation socket.
[   26.545516] cloud-init[924]: ci-info: |   1   |   10.0.2.0  | 0.0.0.0  | 255.255.255.0 |   enp0s3  |   U   |
[   26.771973] cloud-init[924]: ci-info: +-------+-------------+----------+---------------+-----------+-------+
[[0;32m  OK  [0m] Started ACPI Events Check.
[   26.772914] cloud-init[924]: Generating public/private rsa key pair.
[   26.901458] cloud-init[924]: Your identification has been saved in /etc/ssh/ssh_host_rsa_key.
[[0;32m  OK  [0m] Reached target Paths.
[   26.901824] cloud-init[924]: Your public key has been saved in /etc/ssh/ssh_host_rsa_key.pub.
[   27.201051] cloud-init[924]: The key fingerprint is:
[   27.201643] cloud-init[924]: SHA256:n1bTlwNDcCoKKsFfd2NNakfFF7uMxPES8jOKIsfEOkk root@ubuntu-xenial
[[0;32m  OK  [0m] Listening on Socket activation for snappy daemon.
[   27.201906] cloud-init[924]: The key's randomart image is:
[   27.445646] cloud-init[924]: +---[RSA 2048]----+
[[0;32m  OK  [0m] Listening on LXD - unix socket.
[[   27.445834] cloud-init[924]: |           =+* ..|
[   27.601706] cloud-init[924]: |.     .   = B.+..|
[0;32m  OK  [0m] Started iSCSI initiator daemon (iscsid).
[   27.601966] cloud-init[924]: | o   E + B + X.o |
[   27.800923] cloud-init[924]: |  o + B = = o.O o|
[   27.865107] cloud-init[924]: | . o = =S. .o..=.|
[   27.924821] cloud-init[924]: |  .   + .. o . ..|
[   27.984258] cloud-init[924]: |          +      |
[   27.984903] cloud-init[924]: |         .       |
[   27.984946] cloud-init[924]: |                 |
[   27.984980] cloud-init[924]: +----[SHA256]-----+
[   27.985013] cloud-init[924]: Generating public/private dsa key pair.
[   27.985047] cloud-init[924]: Your identification has been saved in /etc/ssh/ssh_host_dsa_key.
[   27.985101] cloud-init[924]: Your public key has been saved in /etc/ssh/ssh_host_dsa_key.pub.
[   27.985138] cloud-init[924]: The key fingerprint is:
[   27.985178] cloud-init[924]: SHA256:Pc0pN1HvctafY8di5S5nl1bFK2Lt9EjekCTQSivllgw root@ubuntu-xenial
[   27.985210] cloud-init[924]: The key's randomart image is:
[   27.985241] cloud-init[924]: +---[DSA 1024]----+
[   27.985274] cloud-init[924]: |          .   .  |
[   27.985305] cloud-init[924]: |       E + . . . |
[   27.985337] cloud-init[924]: |        * = .  ..|
[   27.985369] cloud-init[924]: |       . O + + .+|
[   27.985400] cloud-init[924]: |        S + X o O|
[   27.985435] cloud-init[924]: |           * O O+|
[   27.985468] cloud-init[924]: |          . * O+B|
[   27.985518] cloud-init[924]: |             =oB*|
[   27.985568] cloud-init[924]: |              .+o|
[   27.985603] cloud-init[924]: +----[SHA256]-----+
[   27.985634] cloud-init[924]: Generating public/private ecdsa key pair.
[   27.985666] cloud-init[924]: Your identification has been saved in /etc/ssh/ssh_host_ecdsa_key.
[   27.985698] cloud-init[924]: Your public key has been saved in /etc/ssh/ssh_host_ecdsa_key.pub.
[   27.985730] cloud-init[924]: The key fingerprint is:
[   27.985762] cloud-init[924]: SHA256:t6Y6d/v65M5Wn0pR4R0RC/8cm1v+ATg58vgJF4hVkbk root@ubuntu-xenial
[   27.985795] cloud-init[924]: The key's randomart image is:
[   27.985838] cloud-init[924]: +---[ECDSA 256]---+
[   27.985879] cloud-init[924]: |           o+. =o|
[   27.985911] cloud-init[924]: |          .o  + =|
[   27.985942] cloud-init[924]: |         .  .  *.|
[   27.985973] cloud-init[924]: |        o .Eo ..=|
[   27.986006] cloud-init[924]: |       .So.* o o+|
[   27.986037] cloud-init[924]: |         .+.+ +.o|
[   27.986071] cloud-init[924]: |         ooo.o +o|
[   27.986101] cloud-init[924]: |      . .o=++  .+|
[   27.986131] cloud-init[924]: |      .+..oX*.. .|
[   27.986163] cloud-init[924]: +----[SHA256]-----+
[   27.986193] cloud-init[924]: Generating public/private ed25519 key pair.
[   27.986225] cloud-init[924]: Your identification has been saved in /etc/ssh/ssh_host_ed25519_key.
[   27.986257] cloud-init[924]: Your public key has been saved in /etc/ssh/ssh_host_ed25519_key.pub.
[   27.986288] cloud-init[924]: The key fingerprint is:
[   27.986319] cloud-init[924]: SHA256:MaTZD1oeip/pjLj7/lENEzTJjsZLR8pZ2OYxNlRmPqU root@ubuntu-xenial
[   27.986351] cloud-init[924]: The key's randomart image is:
[   27.986381] cloud-init[924]: +--[ED25519 256]--+
[   27.986412] cloud-init[924]: |       **o+ .    |
[   27.986442] cloud-init[924]: |      .=%* o     |
[   27.986473] cloud-init[924]: |     oo@X+E      |
[   27.986506] cloud-init[924]: |     .O=+X .     |
[   27.986537] cloud-init[924]: |    .oooS o      |
[   27.986568] cloud-init[924]: |     ..+         |
[   27.986598] cloud-init[924]: |      =          |
[   27.986630] cloud-init[924]: |   . + .         |
[   27.986891] cloud-init[924]: |  +=+.+          |
[   27.986933] cloud-init[924]: +----[SHA256]-----+
         Starting Login to default iSCSI targets...
[[0;32m  OK  [0m] Reached target Sockets.
[[0;32m  OK  [0m] Reached target Basic System.
         Starting Apply the settings specified in cloud-config...
[[0;32m  OK  [0m] Started Unattended Upgrades Shutdown.
[[0;32m  OK  [0m] Started Snappy daemon.
[[0;32m  OK  [0m] Started ACPI event daemon.
         Starting Auto import assertions from block devices...
         Starting LSB: Record successful boot for GRUB...
         Starting LSB: MD monitoring daemon...
[[0;32m  OK  [0m] Started FUSE filesystem for LXC.
[[0;32m  OK  [0m] Started Deferred execution scheduler.
         Starting Login Service...
         Starting Accounts Service...
         Starting LXD - container startup/shutdown...
[[0;32m  OK  [0m] Started Regular background program processing daemon.
[[0;32m  OK  [0m] Started D-Bus System Message Bus.
[   31.610804] cloud-init[1024]: Generating locales (this might take a while)...
         Starting System Logging Service...
         Starting Pollinate to seed the pseudo random number generator...
         Starting /etc/rc.local Compatibility...
[[0;32m  OK  [0m] Started System Logging Service.
[[0;32m  OK  [0m] Started Auto import assertions from block devices.
[[0;32m  OK  [0m] Started LXD - container startup/shutdown.
[[0;32m  OK  [0m] Started /etc/rc.local Compatibility.
[[0;32m  OK  [0m] Started Login to default iSCSI targets.
[[0;32m  OK  [0m] Started LSB: Record successful boot for GRUB.
[[0;32m  OK  [0m] Started LSB: MD monitoring daemon.
[[0;32m  OK  [0m] Started Login Service.
         Starting Authenticate and Authorize Users to Run Privileged Tasks...
[[0;32m  OK  [0m] Reached target Remote File Systems (Pre).
[[0;32m  OK  [0m] Reached target Remote File Systems.
         Starting Permit User Sessions...
         Starting LSB: automatic crash report generation...
         Starting LSB: daemon to balance interrupts for SMP systems...
         Starting LSB: VirtualBox Linux Additions...
         Starting LSB: Set the CPU Frequency Scaling governor to "ondemand"...
[[0;32m  OK  [0m] Started Permit User Sessions.
[[0;32m  OK  [0m] Started Authenticate and Authorize Users to Run Privileged Tasks.
[[0;32m  OK  [0m] Started Accounts Service.
         Starting Terminate Plymouth Boot Screen...
         Starting Hold until boot process finishes up...
[[0;32m  OK  [0m] Started LSB: daemon to balance interrupts for SMP systems.
[[0;32m  OK  [0m] Started Pollinate to seed the pseudo random number generator.
[[0;32m  OK  [0m] Started LSB: automatic crash report generation.
[[0;32m  OK  [0m] Started LSB: VirtualBox Linux Additions.
[[0;32m  OK  [0m] Started LSB: Set the CPU Frequency Scaling governor to "ondemand".
[[0;32m  OK  [0m] Started Terminate Plymouth Boot Screen.
[[0;32m  OK  [0m] Started Hold until boot process finishes up.
[[0;32m  OK  [0m] Started Getty on tty1.
         Starting Set console scheme...
[[0;32m  OK  [0m] Started Serial Getty on ttyS0.
[[0;32m  OK  [0m] Reached target Login Prompts.
         Starting OpenBSD Secure Shell server...
[[0;32m  OK  [0m] Started OpenBSD Secure Shell server.
[[0;32m  OK  [0m] Started Set console scheme.
[[0;32m  OK  [0m] Reached target Multi-User System.
[[0;32m  OK  [0m] Reached target Graphical Interface.
[   33.089907] cloud-init[1024]:   en_US.UTF-8... done
         Starting Update UTMP about System Runlevel Changes...
[   33.197107] cloud-init[1024]: Generation complete.
[[0;32m  OK  [0m] Started Update UTMP about System Runlevel Changes.
         Stopping OpenBSD Secure Shell server...
[[0;32m  OK  [0m] Stopped OpenBSD Secure Shell server.
         Starting OpenBSD Secure Shell server...
[[0;32m  OK  [0m] Started OpenBSD Secure Shell server.
[[0;32m  OK  [0m] Created slice User Slice of ubuntu.
         Starting User Manager for UID 1000...
[[0;32m  OK  [0m] Started User Manager for UID 1000.
[[0;32m  OK  [0m] Started Apply the settings specified in cloud-config.
[   33.771302] cloud-init[1024]: Cloud-init v. 0.7.9 running 'modules:config' at Fri, 10 Nov 2017 18:38:10 +0000. Up 31.40 seconds.
[[0;32m  OK  [0m] Started Session 1 of user ubuntu.
         Starting Execute cloud user/final scripts...
ci-info: no authorized ssh keys fingerprints found for user ubuntu.
<14>Nov 10 18:38:13 ec2: 
<14>Nov 10 18:38:13 ec2: #############################################################
<14>Nov 10 18:38:13 ec2: -----BEGIN SSH HOST KEY FINGERPRINTS-----
<14>Nov 10 18:38:13 ec2: 1024 SHA256:Pc0pN1HvctafY8di5S5nl1bFK2Lt9EjekCTQSivllgw root@ubuntu-xenial (DSA)
<14>Nov 10 18:38:13 ec2: 256 SHA256:t6Y6d/v65M5Wn0pR4R0RC/8cm1v+ATg58vgJF4hVkbk root@ubuntu-xenial (ECDSA)
<14>Nov 10 18:38:13 ec2: 256 SHA256:MaTZD1oeip/pjLj7/lENEzTJjsZLR8pZ2OYxNlRmPqU root@ubuntu-xenial (ED25519)
<14>Nov 10 18:38:13 ec2: 2048 SHA256:n1bTlwNDcCoKKsFfd2NNakfFF7uMxPES8jOKIsfEOkk root@ubuntu-xenial (RSA)
<14>Nov 10 18:38:13 ec2: -----END SSH HOST KEY FINGERPRINTS-----
<14>Nov 10 18:38:13 ec2: #############################################################
-----BEGIN SSH HOST KEY KEYS-----
ecdsa-sha2-nistp256 AAAAE2VjZHNhLXNoYTItbmlzdHAyNTYAAAAIbmlzdHAyNTYAAABBBGXV1xMth8TxrX5cocXFAIbVilyn3i+gGBBZzkWdJfp9vm3P92KaXGa6qvErsohZlyKmA4yUh39AsfcMu53zbo8= root@ubuntu-xenial
ssh-ed25519 AAAAC3NzaC1lZDI1NTE5AAAAIGjtF8NdatrsARFoVa1zsDQBZLzXLurA/JyrAf2z0vb0 root@ubuntu-xenial
ssh-rsa AAAAB3NzaC1yc2EAAAADAQABAAABAQCYxV4PpQaNCgLrgz1jNq8gnsiqOLCo262GzvPo+ov3L130/loyDWD+UThNcRWO7Kv+F5gEDuxbH/8wxhPbOT4CR4Q+ITKwl8FZ5njyy4r1kx5EGNcKyCDOcV4SZwnsQjoJN2UhFzQeT5Q6brSyE5jCvFPmhdIhEckpUdOLNa9eB58CxUy8y01vU8Ve2YTbt8wCaR5g7VL3YnX+xN4C5EovFRXLBI7EoOyonwR/r+L6P6nY3CBLhDP8lvGJ8zLC+pv/2eRid1J3OGeCsIF0UclubUhwC8twq2Tj6qJIQnzn3tyUfYddi5LV7yX6lvv1e7VI7Dp20DU8wTsGkW2TyEXp root@ubuntu-xenial
-----END SSH HOST KEY KEYS-----
[   36.006729] cloud-init[1309]: Cloud-init v. 0.7.9 running 'modules:final' at Fri, 10 Nov 2017 18:38:13 +0000. Up 34.51 seconds.
[   36.024838] cloud-init[1309]: ci-info: no authorized ssh keys fingerprints found for user ubuntu.
[   36.041697] cloud-init[1309]: Cloud-init v. 0.7.9 finished at Fri, 10 Nov 2017 18:38:14 +0000. Datasource DataSourceNoCloud [seed=/dev/sdb][dsmode=net].  Up 35.99 seconds
[[0;32m  OK  [0m] Started Execute cloud user/final scripts.
[[0;32m  OK  [0m] Reached target Cloud-init target.

Ubuntu 16.04.3 LTS ubuntu-xenial ttyS0

ubuntu-xenial login: 